Using pre-set license
Built from '2021.2/staging' branch; Version is '2021.2.1f1 (c20c6d589440) revision 12717165'; Using compiler version '192829333'; Build Type 'Release'
OS: 'Windows 10 Pro; OS build 22000.493; Version 2009; 64bit' Language: 'en' Physical Memory: 16061 MB
BatchMode: 1, IsHumanControllingUs: 0, StartBugReporterOnCrash: 0, Is64bit: 1, IsPro: 0

COMMAND LINE ARGUMENTS:
C:\Program Files\Unity\Hub\Editor\2021.2.1f1\Editor\Unity.exe
-adb2
-batchMode
-noUpm
-name
AssetImportWorker1
-projectPath
C:/UnityFiles/Galary36
-logFile
Logs/AssetImportWorker1.log
-srvPort
64469
Successfully changed project path to: C:/UnityFiles/Galary36
C:/UnityFiles/Galary36
[UnityMemory] Configuration Parameters - Can be set up in boot.config
    "memorysetup-bucket-allocator-granularity=16"
    "memorysetup-bucket-allocator-bucket-count=8"
    "memorysetup-bucket-allocator-block-size=33554432"
    "memorysetup-bucket-allocator-block-count=8"
    "memorysetup-main-allocator-block-size=16777216"
    "memorysetup-thread-allocator-block-size=16777216"
    "memorysetup-gfx-main-allocator-block-size=16777216"
    "memorysetup-gfx-thread-allocator-block-size=16777216"
    "memorysetup-cache-allocator-block-size=4194304"
    "memorysetup-typetree-allocator-block-size=2097152"
    "memorysetup-profiler-bucket-allocator-granularity=16"
    "memorysetup-profiler-bucket-allocator-bucket-count=8"
    "memorysetup-profiler-bucket-allocator-block-size=33554432"
    "memorysetup-profiler-bucket-allocator-block-count=8"
    "memorysetup-profiler-allocator-block-size=16777216"
    "memorysetup-profiler-editor-allocator-block-size=1048576"
    "memorysetup-temp-allocator-size-main=16777216"
    "memorysetup-job-temp-allocator-block-size=2097152"
    "memorysetup-job-temp-allocator-block-size-background=1048576"
    "memorysetup-job-temp-allocator-reduction-small-platforms=262144"
    "memorysetup-temp-allocator-size-background-worker=32768"
    "memorysetup-temp-allocator-size-job-worker=262144"
    "memorysetup-temp-allocator-size-preload-manager=33554432"
    "memorysetup-temp-allocator-size-nav-mesh-worker=65536"
    "memorysetup-temp-allocator-size-audio-worker=65536"
    "memorysetup-temp-allocator-size-cloud-worker=32768"
    "memorysetup-temp-allocator-size-gi-baking-worker=262144"
    "memorysetup-temp-allocator-size-gfx=262144"
Refreshing native plugins compatible for Editor in 193.65 ms, found 10 plugins.
Preloading 1 native plugins for Editor in 1.35 ms.
Initialize engine version: 2021.2.1f1 (c20c6d589440)
[Subsystems] Discovering subsystems at path C:/Program Files/Unity/Hub/Editor/2021.2.1f1/Editor/Data/Resources/UnitySubsystems
[Subsystems] Discovering subsystems at path C:/UnityFiles/Galary36/Assets
GfxDevice: creating device client; threaded=0; jobified=0
Direct3D:
    Version:  Direct3D 11.0 [level 11.1]
    Renderer: NVIDIA GeForce RTX 3060 Laptop GPU (ID=0x2520)
    Vendor:   NVIDIA
    VRAM:     6023 MB
    Driver:   30.0.14.9649
Initialize mono
Mono path[0] = 'C:/Program Files/Unity/Hub/Editor/2021.2.1f1/Editor/Data/Managed'
Mono path[1] = 'C:/Program Files/Unity/Hub/Editor/2021.2.1f1/Editor/Data/MonoBleedingEdge/lib/mono/unityjit-win32'
Mono config path = 'C:/Program Files/Unity/Hub/Editor/2021.2.1f1/Editor/Data/MonoBleedingEdge/etc'
Using monoOptions --debugger-agent=transport=dt_socket,embedding=1,server=y,suspend=n,address=127.0.0.1:56852
Begin MonoManager ReloadAssembly
Registering precompiled unity dll's ...
Register platform support module: C:/Program Files/Unity/Hub/Editor/2021.2.1f1/Editor/Data/PlaybackEngines/WindowsStandaloneSupport/UnityEditor.WindowsStandalone.Extensions.dll
Registered in 0.003165 seconds.
Native extension for WindowsStandalone target not found
Refreshing native plugins compatible for Editor in 124.99 ms, found 10 plugins.
Preloading 1 native plugins for Editor in 0.09 ms.
Mono: successfully reloaded assembly
- Completed reload, in  1.187 seconds
Domain Reload Profiling:
	ReloadAssembly (1187ms)
		BeginReloadAssembly (71ms)
			ExecutionOrderSort (0ms)
			DisableScriptedObjects (0ms)
			BackupInstance (0ms)
			ReleaseScriptingObjects (0ms)
			CreateAndSetChildDomain (1ms)
		EndReloadAssembly (490ms)
			LoadAssemblies (69ms)
			RebuildTransferFunctionScriptingTraits (0ms)
			SetupTypeCache (97ms)
			ReleaseScriptCaches (0ms)
			RebuildScriptCaches (24ms)
			SetupLoadedEditorAssemblies (314ms)
				LogAssemblyErrors (0ms)
				InitializePlatformSupportModulesInManaged (6ms)
				SetLoadedEditorAssemblies (0ms)
				RefreshPlugins (125ms)
				BeforeProcessingInitializeOnLoad (1ms)
				ProcessInitializeOnLoadAttributes (128ms)
				ProcessInitializeOnLoadMethodAttributes (53ms)
				AfterProcessingInitializeOnLoad (0ms)
				EditorAssembliesLoaded (0ms)
			ExecutionOrderSort2 (0ms)
			AwakeInstancesAfterBackupRestoration (0ms)
Platform modules already initialized, skipping
Registering precompiled user dll's ...
Registered in 0.008624 seconds.
Begin MonoManager ReloadAssembly
Symbol file LoadedFromMemory doesn't match image C:\UnityFiles\Galary36\Library\PackageCache\com.unity.visualscripting@1.7.2\Editor\VisualScripting.Core\Dependencies\DotNetZip\Unity.VisualScripting.IonicZip.dll
Symbol file LoadedFromMemory doesn't match image C:\UnityFiles\Galary36\Library\PackageCache\com.unity.visualscripting@1.7.2\Editor\VisualScripting.Core\Dependencies\YamlDotNet\Unity.VisualScripting.YamlDotNet.dll
Native extension for WindowsStandalone target not found
Refreshing native plugins compatible for Editor in 133.33 ms, found 10 plugins.
Preloading 1 native plugins for Editor in 0.10 ms.
CreateSerializedAsset is not supported while importing out-of-process
UnityEngine.StackTraceUtility:ExtractStackTrace ()
UnityEditor.XR.Management.EditorUtilities:CreateScriptableObjectInstance (string,string) (at Library/PackageCache/com.unity.xr.management@4.0.7/Editor/EditorUtilities.cs:102)
UnityEditor.XR.Management.XRPackageInitializationBootstrap:InitializeLoaderFromMetadata (string,System.Collections.Generic.List`1<UnityEditor.XR.Management.Metadata.IXRLoaderMetadata>) (at Library/PackageCache/com.unity.xr.management@4.0.7/Editor/XRPackageInitialization.cs:152)
UnityEditor.XR.Management.XRPackageInitializationBootstrap:InitializePackageFromMetadata (UnityEditor.XR.Management.Metadata.IXRPackage,UnityEditor.XR.Management.Metadata.IXRPackageMetadata) (at Library/PackageCache/com.unity.xr.management@4.0.7/Editor/XRPackageInitialization.cs:129)
UnityEditor.XR.Management.XRPackageInitializationBootstrap:InitPackage (UnityEditor.XR.Management.Metadata.IXRPackage) (at Library/PackageCache/com.unity.xr.management@4.0.7/Editor/XRPackageInitialization.cs:118)
UnityEditor.XR.Management.XRPackageInitializationBootstrap:BeginPackageInitialization () (at Library/PackageCache/com.unity.xr.management@4.0.7/Editor/XRPackageInitialization.cs:87)
UnityEditor.XR.Management.XRPackageInitializationBootstrap:.cctor () (at Library/PackageCache/com.unity.xr.management@4.0.7/Editor/XRPackageInitialization.cs:50)
System.Runtime.CompilerServices.RuntimeHelpers:RunClassConstructor (System.RuntimeTypeHandle)
UnityEditor.EditorAssemblies:ProcessInitializeOnLoadAttributes (System.Type[])

[Library/PackageCache/com.unity.xr.management@4.0.7/Editor/EditorUtilities.cs line 102]

UnityEngine.UnityException: Creating asset at path Assets\XR\Loaders\Magic Leap Loader.asset failed.
  at (wrapper managed-to-native) UnityEditor.AssetDatabase.CreateAsset(UnityEngine.Object,string)
  at UnityEditor.XR.Management.EditorUtilities.CreateScriptableObjectInstance (System.String typeName, System.String path) [0x00031] in C:\UnityFiles\Galary36\Library\PackageCache\com.unity.xr.management@4.0.7\Editor\EditorUtilities.cs:102 
  at UnityEditor.XR.Management.XRPackageInitializationBootstrap.InitializeLoaderFromMetadata (System.String packageName, System.Collections.Generic.List`1[T] loaderMetadatas) [0x0004e] in C:\UnityFiles\Galary36\Library\PackageCache\com.unity.xr.management@4.0.7\Editor\XRPackageInitialization.cs:152 
  at UnityEditor.XR.Management.XRPackageInitializationBootstrap.InitializePackageFromMetadata (UnityEditor.XR.Management.Metadata.IXRPackage package, UnityEditor.XR.Management.Metadata.IXRPackageMetadata packageMetadata) [0x00001] in C:\UnityFiles\Galary36\Library\PackageCache\com.unity.xr.management@4.0.7\Editor\XRPackageInitialization.cs:129 
  at UnityEditor.XR.Management.XRPackageInitializationBootstrap.InitPackage (UnityEditor.XR.Management.Metadata.IXRPackage package) [0x00030] in C:\UnityFiles\Galary36\Library\PackageCache\com.unity.xr.management@4.0.7\Editor\XRPackageInitialization.cs:118 
  at UnityEditor.XR.Management.XRPackageInitializationBootstrap.BeginPackageInitialization () [0x0008f] in C:\UnityFiles\Galary36\Library\PackageCache\com.unity.xr.management@4.0.7\Editor\XRPackageInitialization.cs:87 
  at UnityEditor.XR.Management.XRPackageInitializationBootstrap..cctor () [0x00030] in C:\UnityFiles\Galary36\Library\PackageCache\com.unity.xr.management@4.0.7\Editor\XRPackageInitialization.cs:50 
UnityEngine.StackTraceUtility:ExtractStackTrace ()
UnityEngine.DebugLogHandler:LogFormat (UnityEngine.LogType,UnityEngine.Object,string,object[])
UnityEngine.Logger:Log (UnityEngine.LogType,object)
UnityEngine.Debug:LogError (object)
UnityEditor.EditorAssemblies:ProcessInitializeOnLoadAttributes (System.Type[])

Package Manager log level set to [2]
Mono: successfully reloaded assembly
- Completed reload, in  2.058 seconds
Domain Reload Profiling:
	ReloadAssembly (2059ms)
		BeginReloadAssembly (184ms)
			ExecutionOrderSort (0ms)
			DisableScriptedObjects (5ms)
			BackupInstance (0ms)
			ReleaseScriptingObjects (0ms)
			CreateAndSetChildDomain (25ms)
		EndReloadAssembly (1771ms)
			LoadAssemblies (85ms)
			RebuildTransferFunctionScriptingTraits (0ms)
			SetupTypeCache (339ms)
			ReleaseScriptCaches (1ms)
			RebuildScriptCaches (76ms)
			SetupLoadedEditorAssemblies (1158ms)
				LogAssemblyErrors (0ms)
				InitializePlatformSupportModulesInManaged (8ms)
				SetLoadedEditorAssemblies (0ms)
				RefreshPlugins (134ms)
				BeforeProcessingInitializeOnLoad (137ms)
				ProcessInitializeOnLoadAttributes (801ms)
				ProcessInitializeOnLoadMethodAttributes (75ms)
				AfterProcessingInitializeOnLoad (3ms)
				EditorAssembliesLoaded (0ms)
			ExecutionOrderSort2 (0ms)
			AwakeInstancesAfterBackupRestoration (7ms)
Platform modules already initialized, skipping
========================================================================
Worker process is ready to serve import requests
Launched and connected shader compiler UnityShaderCompiler.exe after 0.06 seconds
Refreshing native plugins compatible for Editor in 1.57 ms, found 10 plugins.
Preloading 1 native plugins for Editor in 0.11 ms.
Unloading 5599 Unused Serialized files (Serialized files now loaded: 0)
Unloading 36 unused Assets / (0.7 MB). Loaded Objects now: 6055.
Memory consumption went from 215.8 MB to 215.1 MB.
Total: 6.627400 ms (FindLiveObjects: 0.822000 ms CreateObjectMapping: 0.908000 ms MarkObjects: 4.616300 ms  DeleteObjects: 0.279500 ms)

AssetImportParameters requested are different than current active one (requested -> active):
  custom:video-decoder-ogg-theora: a1e56fd34408186e4bbccfd4996cb3dc -> 
  custom:container-muxer-webm: aa71ff27fc2769a1b78a27578f13a17b -> 
  custom:container-demuxer-webm: 4f35f7cbe854078d1ac9338744f61a02 -> 
  custom:video-encoder-webm-vp8: eb34c28f22e8b96e1ab97ce403110664 -> 
  custom:audio-encoder-webm-vorbis: bf7c407c2cedff20999df2af8eb42d56 -> 
  custom:framework-win-MediaFoundation: 216162199b28c13a410421893ffa2e32 -> 
  custom:container-demuxer-ogg: 62fdf1f143b41e24485cea50d1cbac27 -> 
  custom:video-decoder-webm-vp8: 9c59270c3fd7afecdb556c50c9e8de78 -> 
  custom:audio-decoder-ogg-vorbis: bf7c407c2cedff20999df2af8eb42d56 -> 
========================================================================
Received Import Request.
  Time since last request: 29642.537025 seconds.
  path: Assets/Galary36/Common/SplachScreen/logo.png
  artifactKey: Guid(35e901988e5193e4d99f401c78612387) Importer(815301076,1909f56bfc062723c751e8b465ee728b)
Start importing Assets/Galary36/Common/SplachScreen/logo.png using Guid(35e901988e5193e4d99f401c78612387) Importer(815301076,1909f56bfc062723c751e8b465ee728b)  -> (artifact id: '5865242a87b4f60b09f3fc6af0b94ebc') in 0.194102 seconds 
========================================================================
Received Import Request.
  Time since last request: 249.448889 seconds.
  path: Assets/Galary36/ARScence/Wall/Material/Wall02/Fabric062_1K_AmbientOcclusion.jpg
  artifactKey: Guid(8a5ba72be8276514bb9db8c575b579a4) Importer(815301076,1909f56bfc062723c751e8b465ee728b)
Start importing Assets/Galary36/ARScence/Wall/Material/Wall02/Fabric062_1K_AmbientOcclusion.jpg using Guid(8a5ba72be8276514bb9db8c575b579a4) Importer(815301076,1909f56bfc062723c751e8b465ee728b)  -> (artifact id: '8139ea8452fbf3cc067fcc331eca0444') in 0.074658 seconds 
========================================================================
Received Import Request.
  Time since last request: 0.000031 seconds.
  path: Assets/Galary36/ARScence/Wall/Material/Wall04/Plaster001_1K_NormalDX.jpg
  artifactKey: Guid(4334ae3cc1471c04e8660532646ba333) Importer(815301076,1909f56bfc062723c751e8b465ee728b)
Start importing Assets/Galary36/ARScence/Wall/Material/Wall04/Plaster001_1K_NormalDX.jpg using Guid(4334ae3cc1471c04e8660532646ba333) Importer(815301076,1909f56bfc062723c751e8b465ee728b)  -> (artifact id: '2354372710645585bdbe28e375e1dc6e') in 0.058795 seconds 
========================================================================
Received Import Request.
  Time since last request: 0.000036 seconds.
  path: Assets/Galary36/ARScence/Wall/Material/Wall01/PaintedPlaster017_1K_Color.jpg
  artifactKey: Guid(187203bb2f0adc64a83b3a95030a6f4d) Importer(815301076,1909f56bfc062723c751e8b465ee728b)
Start importing Assets/Galary36/ARScence/Wall/Material/Wall01/PaintedPlaster017_1K_Color.jpg using Guid(187203bb2f0adc64a83b3a95030a6f4d) Importer(815301076,1909f56bfc062723c751e8b465ee728b)  -> (artifact id: '6d98674b757ad709465860af0f0881c4') in 0.042809 seconds 
========================================================================
Received Import Request.
  Time since last request: 0.000034 seconds.
  path: Assets/ExampleAssets/Textures/PlanePatternDot.png
  artifactKey: Guid(af6bcea09b8134831b6599e2900aef81) Importer(815301076,1909f56bfc062723c751e8b465ee728b)
Start importing Assets/ExampleAssets/Textures/PlanePatternDot.png using Guid(af6bcea09b8134831b6599e2900aef81) Importer(815301076,1909f56bfc062723c751e8b465ee728b)  -> (artifact id: '22a9f7b83ce80a5bf2ee1d4d59029c5e') in 0.033924 seconds 
========================================================================
Received Import Request.
  Time since last request: 0.000035 seconds.
  path: Assets/Galary36/ARScence/Wall/Material/Wall01/PaintedPlaster017_1K_NormalGL.jpg
  artifactKey: Guid(7f765c5935980ce47b77546c6623d402) Importer(815301076,1909f56bfc062723c751e8b465ee728b)
Start importing Assets/Galary36/ARScence/Wall/Material/Wall01/PaintedPlaster017_1K_NormalGL.jpg using Guid(7f765c5935980ce47b77546c6623d402) Importer(815301076,1909f56bfc062723c751e8b465ee728b)  -> (artifact id: '51deb8126334ea05c2204348ed45e367') in 0.049280 seconds 
========================================================================
Received Import Request.
  Time since last request: 0.000028 seconds.
  path: Assets/Galary36/ARScence/Wall/Material/Wall07/Plaster002_1K_Color.jpg
  artifactKey: Guid(e943033dd30735746929041db50c56c8) Importer(815301076,1909f56bfc062723c751e8b465ee728b)
Start importing Assets/Galary36/ARScence/Wall/Material/Wall07/Plaster002_1K_Color.jpg using Guid(e943033dd30735746929041db50c56c8) Importer(815301076,1909f56bfc062723c751e8b465ee728b)  -> (artifact id: 'c3c1d98af2f5edf7aca0bc36c14bc9e2') in 0.071346 seconds 
========================================================================
Received Import Request.
  Time since last request: 0.000028 seconds.
  path: Assets/Galary36/ARScence/Wall/Material/Wall02/Fabric062_1K_Color.jpg
  artifactKey: Guid(6139069b47e04e24385cfd3c351a456b) Importer(815301076,1909f56bfc062723c751e8b465ee728b)
Start importing Assets/Galary36/ARScence/Wall/Material/Wall02/Fabric062_1K_Color.jpg using Guid(6139069b47e04e24385cfd3c351a456b) Importer(815301076,1909f56bfc062723c751e8b465ee728b)  -> (artifact id: '7eebe5f446c65e6b1443d55b5271d400') in 0.060210 seconds 
========================================================================
Received Import Request.
  Time since last request: 0.000036 seconds.
  path: Assets/Galary36/ARScence/Wall/Material/Wall07/Plaster002_1K_Roughness.jpg
  artifactKey: Guid(6629e6e5c94ada24bb19d17dc0ba467a) Importer(815301076,1909f56bfc062723c751e8b465ee728b)
Start importing Assets/Galary36/ARScence/Wall/Material/Wall07/Plaster002_1K_Roughness.jpg using Guid(6629e6e5c94ada24bb19d17dc0ba467a) Importer(815301076,1909f56bfc062723c751e8b465ee728b)  -> (artifact id: 'c6d94108acae7d1ce81529ce1598ec27') in 0.059218 seconds 
========================================================================
Received Import Request.
  Time since last request: 0.000040 seconds.
  path: Assets/Galary36/ARScence/Wall/Material/Wall02/Fabric062_1K_NormalDX.jpg
  artifactKey: Guid(ddf7857ba204a7743a0f45534e4a65fc) Importer(815301076,1909f56bfc062723c751e8b465ee728b)
Start importing Assets/Galary36/ARScence/Wall/Material/Wall02/Fabric062_1K_NormalDX.jpg using Guid(ddf7857ba204a7743a0f45534e4a65fc) Importer(815301076,1909f56bfc062723c751e8b465ee728b)  -> (artifact id: '9d699189b80763b0507d165a6e97159f') in 0.047585 seconds 
========================================================================
Received Import Request.
  Time since last request: 0.000022 seconds.
  path: Assets/Galary36/ARScence/Wall/Material/Wall01/PaintedPlaster017_1K_Displacement.jpg
  artifactKey: Guid(d7195bc751d87da46b9c6bda1de55ad2) Importer(815301076,1909f56bfc062723c751e8b465ee728b)
Start importing Assets/Galary36/ARScence/Wall/Material/Wall01/PaintedPlaster017_1K_Displacement.jpg using Guid(d7195bc751d87da46b9c6bda1de55ad2) Importer(815301076,1909f56bfc062723c751e8b465ee728b)  -> (artifact id: '507019783988f6a535d0ccd210770505') in 0.046867 seconds 
========================================================================
Received Import Request.
  Time since last request: 0.000027 seconds.
  path: Assets/Galary36/ARScence/Wall/Material/Wall02/Fabric062_PREVIEW.jpg
  artifactKey: Guid(47310678edd603e4f8b01a0264f90093) Importer(815301076,1909f56bfc062723c751e8b465ee728b)
Start importing Assets/Galary36/ARScence/Wall/Material/Wall02/Fabric062_PREVIEW.jpg using Guid(47310678edd603e4f8b01a0264f90093) Importer(815301076,1909f56bfc062723c751e8b465ee728b)  -> (artifact id: '696fafab409e04038acd639eb9f1d5c7') in 0.060300 seconds 
========================================================================
Received Import Request.
  Time since last request: 0.000028 seconds.
  path: Assets/Galary36/ARScence/Wall/Material/Wall07/Plaster002_1K_NormalDX.jpg
  artifactKey: Guid(bfa20f4ec4a7d42419b718f29c49c00e) Importer(815301076,1909f56bfc062723c751e8b465ee728b)
Start importing Assets/Galary36/ARScence/Wall/Material/Wall07/Plaster002_1K_NormalDX.jpg using Guid(bfa20f4ec4a7d42419b718f29c49c00e) Importer(815301076,1909f56bfc062723c751e8b465ee728b)  -> (artifact id: '7707b071741a8a559c446404f43cdc41') in 0.064051 seconds 
========================================================================
Received Import Request.
  Time since last request: 0.000028 seconds.
  path: Assets/Galary36/InitScence/UI/Textures/Initialize Button.png
  artifactKey: Guid(c0f70c0e6c840144c810e13af6bdb449) Importer(815301076,1909f56bfc062723c751e8b465ee728b)
Start importing Assets/Galary36/InitScence/UI/Textures/Initialize Button.png using Guid(c0f70c0e6c840144c810e13af6bdb449) Importer(815301076,1909f56bfc062723c751e8b465ee728b)  -> (artifact id: 'dfdfea161b83742931adf97432f7fda6') in 0.040864 seconds 
========================================================================
Received Import Request.
  Time since last request: 0.000050 seconds.
  path: Assets/Galary36/ARScence/Wall/Material/Wall04/Plaster001_1K_Displacement.jpg
  artifactKey: Guid(10a4b10b696b85e4dba9526756f96a4c) Importer(815301076,1909f56bfc062723c751e8b465ee728b)
Start importing Assets/Galary36/ARScence/Wall/Material/Wall04/Plaster001_1K_Displacement.jpg using Guid(10a4b10b696b85e4dba9526756f96a4c) Importer(815301076,1909f56bfc062723c751e8b465ee728b)  -> (artifact id: '651ac9977fd9b7535bfa60dd5e57b6e5') in 0.062011 seconds 
========================================================================
Received Import Request.
  Time since last request: 0.000024 seconds.
  path: Assets/Galary36/ARScence/Wall/Material/Wall04/Plaster001_1K_NormalGL.jpg
  artifactKey: Guid(a28a5311b1b97be49aa1e3ea9d952faf) Importer(815301076,1909f56bfc062723c751e8b465ee728b)
Start importing Assets/Galary36/ARScence/Wall/Material/Wall04/Plaster001_1K_NormalGL.jpg using Guid(a28a5311b1b97be49aa1e3ea9d952faf) Importer(815301076,1909f56bfc062723c751e8b465ee728b)  -> (artifact id: '2ddb62d58faf6750e6f11b6fa3546b67') in 0.061040 seconds 
========================================================================
Received Import Request.
  Time since last request: 0.000109 seconds.
  path: Assets/Galary36/ARScence/Painting/Textures/image-79b58db6-1024x768.jpg
  artifactKey: Guid(c392b600541d0fc4d9442607761f75bf) Importer(815301076,1909f56bfc062723c751e8b465ee728b)
Start importing Assets/Galary36/ARScence/Painting/Textures/image-79b58db6-1024x768.jpg using Guid(c392b600541d0fc4d9442607761f75bf) Importer(815301076,1909f56bfc062723c751e8b465ee728b)  -> (artifact id: '4803f9ca3296fb1bd37a745b7094e75c') in 0.052692 seconds 
========================================================================
Received Import Request.
  Time since last request: 222.353328 seconds.
  path: Assets/ExampleAssets/Tutorial/Images/1-welcome-screen-image.png
  artifactKey: Guid(a36153625af524c1f9fb6e04b5ed3e1c) Importer(815301076,1909f56bfc062723c751e8b465ee728b)
Start importing Assets/ExampleAssets/Tutorial/Images/1-welcome-screen-image.png using Guid(a36153625af524c1f9fb6e04b5ed3e1c) Importer(815301076,1909f56bfc062723c751e8b465ee728b)  -> (artifact id: '8985cd6f29e9cce5f52ee59ab1cf9f6f') in 0.034060 seconds 
========================================================================
Received Import Request.
  Time since last request: 0.000031 seconds.
  path: Assets/Galary36/ARScence/Wall/Material/Wall05/Fabric045_1K_NormalDX.jpg
  artifactKey: Guid(dde47520b8eb63a408acdf610c4a3bf0) Importer(815301076,1909f56bfc062723c751e8b465ee728b)
Start importing Assets/Galary36/ARScence/Wall/Material/Wall05/Fabric045_1K_NormalDX.jpg using Guid(dde47520b8eb63a408acdf610c4a3bf0) Importer(815301076,1909f56bfc062723c751e8b465ee728b)  -> (artifact id: '74affa01cf5ca78760020e870bdd5f87') in 0.040241 seconds 
========================================================================
Received Import Request.
  Time since last request: 0.000030 seconds.
  path: Assets/Galary36/ARScence/Painting/Textures/9763E077-7409-4307-A415-8F1F3E222663-0cc6ef67-1024x1016.jpeg
  artifactKey: Guid(2c30aaf337570704fbf1f4d3f6c5bb94) Importer(815301076,1909f56bfc062723c751e8b465ee728b)
Start importing Assets/Galary36/ARScence/Painting/Textures/9763E077-7409-4307-A415-8F1F3E222663-0cc6ef67-1024x1016.jpeg using Guid(2c30aaf337570704fbf1f4d3f6c5bb94) Importer(815301076,1909f56bfc062723c751e8b465ee728b)  -> (artifact id: '44dde11e6825c5aefc21d2d1b873e628') in 0.038492 seconds 
========================================================================
Received Import Request.
  Time since last request: 0.000106 seconds.
  path: Assets/Galary36/ARScence/Wall/Material/Wall05/Fabric045_1K_AmbientOcclusion.jpg
  artifactKey: Guid(56c3cc188acfe9b44a7b9e72a5abb4dc) Importer(815301076,1909f56bfc062723c751e8b465ee728b)
Start importing Assets/Galary36/ARScence/Wall/Material/Wall05/Fabric045_1K_AmbientOcclusion.jpg using Guid(56c3cc188acfe9b44a7b9e72a5abb4dc) Importer(815301076,1909f56bfc062723c751e8b465ee728b)  -> (artifact id: '96be5a01470a64b89ff56a861a8df070') in 0.039470 seconds 
========================================================================
Received Import Request.
  Time since last request: 0.000029 seconds.
  path: Assets/Galary36/ARScence/Painting/Textures/6AE0833D-5840-41EB-A540-E36C2F06F5D8-36c95d46-500x1024.jpeg
  artifactKey: Guid(fc021fa4a8552d842b6bdb3189b0220e) Importer(815301076,1909f56bfc062723c751e8b465ee728b)
Start importing Assets/Galary36/ARScence/Painting/Textures/6AE0833D-5840-41EB-A540-E36C2F06F5D8-36c95d46-500x1024.jpeg using Guid(fc021fa4a8552d842b6bdb3189b0220e) Importer(815301076,1909f56bfc062723c751e8b465ee728b)  -> (artifact id: '8b4f0ef2964250863739f62c511475b4') in 0.031751 seconds 
========================================================================
Received Import Request.
  Time since last request: 0.000040 seconds.
  path: Assets/Galary36/ARScence/Wall/Material/Wall03/Bricks060_1K_AmbientOcclusion.jpg
  artifactKey: Guid(68a31f3999eba9b4185102c95a8bc262) Importer(815301076,1909f56bfc062723c751e8b465ee728b)
Start importing Assets/Galary36/ARScence/Wall/Material/Wall03/Bricks060_1K_AmbientOcclusion.jpg using Guid(68a31f3999eba9b4185102c95a8bc262) Importer(815301076,1909f56bfc062723c751e8b465ee728b)  -> (artifact id: 'a7d7b731c8953ebefa51836ffa3342b5') in 0.043198 seconds 
========================================================================
Received Import Request.
  Time since last request: 0.000027 seconds.
  path: Assets/Galary36/ARScence/Wall/Material/Wall05/Fabric045_1K_Roughness.jpg
  artifactKey: Guid(ec3541d07f3708e45baf0ceb2e76d615) Importer(815301076,1909f56bfc062723c751e8b465ee728b)
Start importing Assets/Galary36/ARScence/Wall/Material/Wall05/Fabric045_1K_Roughness.jpg using Guid(ec3541d07f3708e45baf0ceb2e76d615) Importer(815301076,1909f56bfc062723c751e8b465ee728b)  -> (artifact id: 'f3adaafc14527829beb884e91405cae9') in 0.045411 seconds 
========================================================================
Received Import Request.
  Time since last request: 0.000025 seconds.
  path: Assets/Galary36/ARScence/Wall/Material/Wall05/Fabric045_1K_NormalGL.jpg
  artifactKey: Guid(0abf7ccdce40d8b4e86b4b13f9933f56) Importer(815301076,1909f56bfc062723c751e8b465ee728b)
Start importing Assets/Galary36/ARScence/Wall/Material/Wall05/Fabric045_1K_NormalGL.jpg using Guid(0abf7ccdce40d8b4e86b4b13f9933f56) Importer(815301076,1909f56bfc062723c751e8b465ee728b)  -> (artifact id: '61ffd9f11daf77ec4516449138d795fd') in 0.042404 seconds 
========================================================================
Received Import Request.
  Time since last request: 0.000026 seconds.
  path: Assets/Galary36/ARScence/Wall/Material/Wall03/Bricks060_1K_Roughness.jpg
  artifactKey: Guid(8dfd98d003ec23e48a44cd192d3eb39e) Importer(815301076,1909f56bfc062723c751e8b465ee728b)
Start importing Assets/Galary36/ARScence/Wall/Material/Wall03/Bricks060_1K_Roughness.jpg using Guid(8dfd98d003ec23e48a44cd192d3eb39e) Importer(815301076,1909f56bfc062723c751e8b465ee728b)  -> (artifact id: '6bb0f4c13cf98edb3d4acb6fefb811c1') in 0.047782 seconds 
========================================================================
Received Import Request.
  Time since last request: 1.737695 seconds.
  path: Assets/Galary36/ARScence/Wall/Material/Wall06/Terrazzo018_1K_Displacement.jpg
  artifactKey: Guid(2af3dfb5117b1994b921145f14beab0a) Importer(815301076,1909f56bfc062723c751e8b465ee728b)
Start importing Assets/Galary36/ARScence/Wall/Material/Wall06/Terrazzo018_1K_Displacement.jpg using Guid(2af3dfb5117b1994b921145f14beab0a) Importer(815301076,1909f56bfc062723c751e8b465ee728b)  -> (artifact id: '77a5c9daaae20becc7a072acdc674fed') in 0.053225 seconds 
========================================================================
Received Import Request.
  Time since last request: 0.000023 seconds.
  path: Assets/Galary36/ARScence/Wall/Material/Wall06/Terrazzo018_1K_NormalDX.jpg
  artifactKey: Guid(cfcaf1bf872f4d9458156b4d8361e09c) Importer(815301076,1909f56bfc062723c751e8b465ee728b)
Start importing Assets/Galary36/ARScence/Wall/Material/Wall06/Terrazzo018_1K_NormalDX.jpg using Guid(cfcaf1bf872f4d9458156b4d8361e09c) Importer(815301076,1909f56bfc062723c751e8b465ee728b)  -> (artifact id: '677f62e6af87c8f9167ad6b2097f4126') in 0.042240 seconds 
========================================================================
Received Import Request.
  Time since last request: 0.000028 seconds.
  path: Assets/Galary36/ARScence/Wall/Material/Wall06/Terrazzo018_PREVIEW.jpg
  artifactKey: Guid(22689ea79276133409454f4467267d91) Importer(815301076,1909f56bfc062723c751e8b465ee728b)
Start importing Assets/Galary36/ARScence/Wall/Material/Wall06/Terrazzo018_PREVIEW.jpg using Guid(22689ea79276133409454f4467267d91) Importer(815301076,1909f56bfc062723c751e8b465ee728b)  -> (artifact id: '29becf5cfe2e536d62023fd579f91825') in 0.041276 seconds 
========================================================================
Received Prepare
Registering precompiled user dll's ...
Registered in 0.006391 seconds.
Begin MonoManager ReloadAssembly
Symbol file LoadedFromMemory doesn't match image C:\UnityFiles\Galary36\Library\PackageCache\com.unity.visualscripting@1.7.2\Editor\VisualScripting.Core\Dependencies\DotNetZip\Unity.VisualScripting.IonicZip.dll
Symbol file LoadedFromMemory doesn't match image C:\UnityFiles\Galary36\Library\PackageCache\com.unity.visualscripting@1.7.2\Editor\VisualScripting.Core\Dependencies\YamlDotNet\Unity.VisualScripting.YamlDotNet.dll
Native extension for WindowsStandalone target not found
Refreshing native plugins compatible for Editor in 1.05 ms, found 10 plugins.
Preloading 1 native plugins for Editor in 0.07 ms.
Instance of UnityEngine.XR.MagicLeap.MagicLeapLoader couldn't be created because there is no script with that name.
UnityEngine.StackTraceUtility:ExtractStackTrace ()
UnityEngine.ScriptableObject:CreateInstance (string)
UnityEditor.XR.Management.EditorUtilities:CreateScriptableObjectInstance (string,string) (at Library/PackageCache/com.unity.xr.management@4.0.7/Editor/EditorUtilities.cs:95)
UnityEditor.XR.Management.XRPackageInitializationBootstrap:InitializeLoaderFromMetadata (string,System.Collections.Generic.List`1<UnityEditor.XR.Management.Metadata.IXRLoaderMetadata>) (at Library/PackageCache/com.unity.xr.management@4.0.7/Editor/XRPackageInitialization.cs:152)
UnityEditor.XR.Management.XRPackageInitializationBootstrap:InitializePackageFromMetadata (UnityEditor.XR.Management.Metadata.IXRPackage,UnityEditor.XR.Management.Metadata.IXRPackageMetadata) (at Library/PackageCache/com.unity.xr.management@4.0.7/Editor/XRPackageInitialization.cs:129)
UnityEditor.XR.Management.XRPackageInitializationBootstrap:InitPackage (UnityEditor.XR.Management.Metadata.IXRPackage) (at Library/PackageCache/com.unity.xr.management@4.0.7/Editor/XRPackageInitialization.cs:118)
UnityEditor.XR.Management.XRPackageInitializationBootstrap:BeginPackageInitialization () (at Library/PackageCache/com.unity.xr.management@4.0.7/Editor/XRPackageInitialization.cs:87)
UnityEditor.XR.Management.XRPackageInitializationBootstrap:.cctor () (at Library/PackageCache/com.unity.xr.management@4.0.7/Editor/XRPackageInitialization.cs:50)
System.Runtime.CompilerServices.RuntimeHelpers:RunClassConstructor (System.RuntimeTypeHandle)
UnityEditor.EditorAssemblies:ProcessInitializeOnLoadAttributes (System.Type[])

[Library/PackageCache/com.unity.xr.management@4.0.7/Editor/EditorUtilities.cs line 95]

We were unable to create an instance of the requested type UnityEngine.XR.MagicLeap.MagicLeapLoader. Please make sure that all packages are updated to support this version of XR Plug-In Management. See the Unity documentation for XR Plug-In Management for information on resolving this issue.
UnityEngine.StackTraceUtility:ExtractStackTrace ()
UnityEngine.DebugLogHandler:LogFormat (UnityEngine.LogType,UnityEngine.Object,string,object[])
UnityEngine.Logger:Log (UnityEngine.LogType,object)
UnityEngine.Debug:LogError (object)
UnityEditor.XR.Management.EditorUtilities:CreateScriptableObjectInstance (string,string) (at Library/PackageCache/com.unity.xr.management@4.0.7/Editor/EditorUtilities.cs:108)
UnityEditor.XR.Management.XRPackageInitializationBootstrap:InitializeLoaderFromMetadata (string,System.Collections.Generic.List`1<UnityEditor.XR.Management.Metadata.IXRLoaderMetadata>) (at Library/PackageCache/com.unity.xr.management@4.0.7/Editor/XRPackageInitialization.cs:152)
UnityEditor.XR.Management.XRPackageInitializationBootstrap:InitializePackageFromMetadata (UnityEditor.XR.Management.Metadata.IXRPackage,UnityEditor.XR.Management.Metadata.IXRPackageMetadata) (at Library/PackageCache/com.unity.xr.management@4.0.7/Editor/XRPackageInitialization.cs:129)
UnityEditor.XR.Management.XRPackageInitializationBootstrap:InitPackage (UnityEditor.XR.Management.Metadata.IXRPackage) (at Library/PackageCache/com.unity.xr.management@4.0.7/Editor/XRPackageInitialization.cs:118)
UnityEditor.XR.Management.XRPackageInitializationBootstrap:BeginPackageInitialization () (at Library/PackageCache/com.unity.xr.management@4.0.7/Editor/XRPackageInitialization.cs:87)
UnityEditor.XR.Management.XRPackageInitializationBootstrap:.cctor () (at Library/PackageCache/com.unity.xr.management@4.0.7/Editor/XRPackageInitialization.cs:50)
System.Runtime.CompilerServices.RuntimeHelpers:RunClassConstructor (System.RuntimeTypeHandle)
UnityEditor.EditorAssemblies:ProcessInitializeOnLoadAttributes (System.Type[])

(Filename: Library/PackageCache/com.unity.xr.management@4.0.7/Editor/EditorUtilities.cs Line: 108)

Error creating instance of loader Magic Leap for package Magic Leap Plugin
UnityEngine.StackTraceUtility:ExtractStackTrace ()
UnityEngine.DebugLogHandler:LogFormat (UnityEngine.LogType,UnityEngine.Object,string,object[])
UnityEngine.Logger:Log (UnityEngine.LogType,object)
UnityEngine.Debug:LogError (object)
UnityEditor.XR.Management.XRPackageInitializationBootstrap:InitializeLoaderFromMetadata (string,System.Collections.Generic.List`1<UnityEditor.XR.Management.Metadata.IXRLoaderMetadata>) (at Library/PackageCache/com.unity.xr.management@4.0.7/Editor/XRPackageInitialization.cs:157)
UnityEditor.XR.Management.XRPackageInitializationBootstrap:InitializePackageFromMetadata (UnityEditor.XR.Management.Metadata.IXRPackage,UnityEditor.XR.Management.Metadata.IXRPackageMetadata) (at Library/PackageCache/com.unity.xr.management@4.0.7/Editor/XRPackageInitialization.cs:129)
UnityEditor.XR.Management.XRPackageInitializationBootstrap:InitPackage (UnityEditor.XR.Management.Metadata.IXRPackage) (at Library/PackageCache/com.unity.xr.management@4.0.7/Editor/XRPackageInitialization.cs:118)
UnityEditor.XR.Management.XRPackageInitializationBootstrap:BeginPackageInitialization () (at Library/PackageCache/com.unity.xr.management@4.0.7/Editor/XRPackageInitialization.cs:87)
UnityEditor.XR.Management.XRPackageInitializationBootstrap:.cctor () (at Library/PackageCache/com.unity.xr.management@4.0.7/Editor/XRPackageInitialization.cs:50)
System.Runtime.CompilerServices.RuntimeHelpers:RunClassConstructor (System.RuntimeTypeHandle)
UnityEditor.EditorAssemblies:ProcessInitializeOnLoadAttributes (System.Type[])

(Filename: Library/PackageCache/com.unity.xr.management@4.0.7/Editor/XRPackageInitialization.cs Line: 157)

Instance of UnityEngine.XR.MagicLeap.MagicLeapLoader couldn't be created because there is no script with that name.
UnityEngine.StackTraceUtility:ExtractStackTrace ()
UnityEngine.ScriptableObject:CreateInstance (string)
UnityEditor.XR.Management.EditorUtilities:CreateScriptableObjectInstance (string,string) (at Library/PackageCache/com.unity.xr.management@4.0.7/Editor/EditorUtilities.cs:95)
UnityEditor.XR.Management.XRPackageInitializationBootstrap:InitializeLoaderFromMetadata (string,System.Collections.Generic.List`1<UnityEditor.XR.Management.Metadata.IXRLoaderMetadata>) (at Library/PackageCache/com.unity.xr.management@4.0.7/Editor/XRPackageInitialization.cs:152)
UnityEditor.XR.Management.XRPackageInitializationBootstrap:InitializePackageFromMetadata (UnityEditor.XR.Management.Metadata.IXRPackage,UnityEditor.XR.Management.Metadata.IXRPackageMetadata) (at Library/PackageCache/com.unity.xr.management@4.0.7/Editor/XRPackageInitialization.cs:129)
UnityEditor.XR.Management.XRPackageInitializationBootstrap:InitPackage (UnityEditor.XR.Management.Metadata.IXRPackage) (at Library/PackageCache/com.unity.xr.management@4.0.7/Editor/XRPackageInitialization.cs:118)
UnityEditor.XR.Management.XRPackageInitializationBootstrap:BeginPackageInitialization () (at Library/PackageCache/com.unity.xr.management@4.0.7/Editor/XRPackageInitialization.cs:87)
UnityEditor.XR.Management.XRPackageInitializationBootstrap:.cctor () (at Library/PackageCache/com.unity.xr.management@4.0.7/Editor/XRPackageInitialization.cs:50)
System.Runtime.CompilerServices.RuntimeHelpers:RunClassConstructor (System.RuntimeTypeHandle)
UnityEditor.EditorAssemblies:ProcessInitializeOnLoadAttributes (System.Type[])

[Library/PackageCache/com.unity.xr.management@4.0.7/Editor/EditorUtilities.cs line 95]

We were unable to create an instance of the requested type UnityEngine.XR.MagicLeap.MagicLeapLoader. Please make sure that all packages are updated to support this version of XR Plug-In Management. See the Unity documentation for XR Plug-In Management for information on resolving this issue.
UnityEngine.StackTraceUtility:ExtractStackTrace ()
UnityEngine.DebugLogHandler:LogFormat (UnityEngine.LogType,UnityEngine.Object,string,object[])
UnityEngine.Logger:Log (UnityEngine.LogType,object)
UnityEngine.Debug:LogError (object)
UnityEditor.XR.Management.EditorUtilities:CreateScriptableObjectInstance (string,string) (at Library/PackageCache/com.unity.xr.management@4.0.7/Editor/EditorUtilities.cs:108)
UnityEditor.XR.Management.XRPackageInitializationBootstrap:InitializeLoaderFromMetadata (string,System.Collections.Generic.List`1<UnityEditor.XR.Management.Metadata.IXRLoaderMetadata>) (at Library/PackageCache/com.unity.xr.management@4.0.7/Editor/XRPackageInitialization.cs:152)
UnityEditor.XR.Management.XRPackageInitializationBootstrap:InitializePackageFromMetadata (UnityEditor.XR.Management.Metadata.IXRPackage,UnityEditor.XR.Management.Metadata.IXRPackageMetadata) (at Library/PackageCache/com.unity.xr.management@4.0.7/Editor/XRPackageInitialization.cs:129)
UnityEditor.XR.Management.XRPackageInitializationBootstrap:InitPackage (UnityEditor.XR.Management.Metadata.IXRPackage) (at Library/PackageCache/com.unity.xr.management@4.0.7/Editor/XRPackageInitialization.cs:118)
UnityEditor.XR.Management.XRPackageInitializationBootstrap:BeginPackageInitialization () (at Library/PackageCache/com.unity.xr.management@4.0.7/Editor/XRPackageInitialization.cs:87)
UnityEditor.XR.Management.XRPackageInitializationBootstrap:.cctor () (at Library/PackageCache/com.unity.xr.management@4.0.7/Editor/XRPackageInitialization.cs:50)
System.Runtime.CompilerServices.RuntimeHelpers:RunClassConstructor (System.RuntimeTypeHandle)
UnityEditor.EditorAssemblies:ProcessInitializeOnLoadAttributes (System.Type[])

(Filename: Library/PackageCache/com.unity.xr.management@4.0.7/Editor/EditorUtilities.cs Line: 108)

Error creating instance of loader Magic Leap Zero Iteration for package Magic Leap Plugin
UnityEngine.StackTraceUtility:ExtractStackTrace ()
UnityEngine.DebugLogHandler:LogFormat (UnityEngine.LogType,UnityEngine.Object,string,object[])
UnityEngine.Logger:Log (UnityEngine.LogType,object)
UnityEngine.Debug:LogError (object)
UnityEditor.XR.Management.XRPackageInitializationBootstrap:InitializeLoaderFromMetadata (string,System.Collections.Generic.List`1<UnityEditor.XR.Management.Metadata.IXRLoaderMetadata>) (at Library/PackageCache/com.unity.xr.management@4.0.7/Editor/XRPackageInitialization.cs:157)
UnityEditor.XR.Management.XRPackageInitializationBootstrap:InitializePackageFromMetadata (UnityEditor.XR.Management.Metadata.IXRPackage,UnityEditor.XR.Management.Metadata.IXRPackageMetadata) (at Library/PackageCache/com.unity.xr.management@4.0.7/Editor/XRPackageInitialization.cs:129)
UnityEditor.XR.Management.XRPackageInitializationBootstrap:InitPackage (UnityEditor.XR.Management.Metadata.IXRPackage) (at Library/PackageCache/com.unity.xr.management@4.0.7/Editor/XRPackageInitialization.cs:118)
UnityEditor.XR.Management.XRPackageInitializationBootstrap:BeginPackageInitialization () (at Library/PackageCache/com.unity.xr.management@4.0.7/Editor/XRPackageInitialization.cs:87)
UnityEditor.XR.Management.XRPackageInitializationBootstrap:.cctor () (at Library/PackageCache/com.unity.xr.management@4.0.7/Editor/XRPackageInitialization.cs:50)
System.Runtime.CompilerServices.RuntimeHelpers:RunClassConstructor (System.RuntimeTypeHandle)
UnityEditor.EditorAssemblies:ProcessInitializeOnLoadAttributes (System.Type[])

(Filename: Library/PackageCache/com.unity.xr.management@4.0.7/Editor/XRPackageInitialization.cs Line: 157)

Mono: successfully reloaded assembly
- Completed reload, in  1.657 seconds
Domain Reload Profiling:
	ReloadAssembly (1658ms)
		BeginReloadAssembly (112ms)
			ExecutionOrderSort (0ms)
			DisableScriptedObjects (3ms)
			BackupInstance (0ms)
			ReleaseScriptingObjects (0ms)
			CreateAndSetChildDomain (38ms)
		EndReloadAssembly (1442ms)
			LoadAssemblies (69ms)
			RebuildTransferFunctionScriptingTraits (0ms)
			SetupTypeCache (208ms)
			ReleaseScriptCaches (2ms)
			RebuildScriptCaches (40ms)
			SetupLoadedEditorAssemblies (406ms)
				LogAssemblyErrors (0ms)
				InitializePlatformSupportModulesInManaged (9ms)
				SetLoadedEditorAssemblies (0ms)
				RefreshPlugins (1ms)
				BeforeProcessingInitializeOnLoad (72ms)
				ProcessInitializeOnLoadAttributes (270ms)
				ProcessInitializeOnLoadMethodAttributes (51ms)
				AfterProcessingInitializeOnLoad (3ms)
				EditorAssembliesLoaded (0ms)
			ExecutionOrderSort2 (0ms)
			AwakeInstancesAfterBackupRestoration (15ms)
Platform modules already initialized, skipping
Switching build target platform(19) subTarget(0) extendedPlatform(0) -> platform(9) subTarget(2) extendedPlatform(0)
Refreshing native plugins compatible for Editor in 1.06 ms, found 10 plugins.
Preloading 1 native plugins for Editor in 0.10 ms.
Unloading 5476 Unused Serialized files (Serialized files now loaded: 0)
Unloading 31 unused Assets / (0.7 MB). Loaded Objects now: 6505.
Memory consumption went from 237.5 MB to 236.8 MB.
Total: 4.251500 ms (FindLiveObjects: 0.627200 ms CreateObjectMapping: 0.341900 ms MarkObjects: 3.073500 ms  DeleteObjects: 0.207800 ms)

AssetImportParameters requested are different than current active one (requested -> active):
  custom:video-decoder-ogg-theora: a1e56fd34408186e4bbccfd4996cb3dc -> 
  custom:container-muxer-webm: aa71ff27fc2769a1b78a27578f13a17b -> 
  custom:container-demuxer-webm: 4f35f7cbe854078d1ac9338744f61a02 -> 
  custom:video-encoder-webm-vp8: eb34c28f22e8b96e1ab97ce403110664 -> 
  custom:audio-encoder-webm-vorbis: bf7c407c2cedff20999df2af8eb42d56 -> 
  custom:framework-win-MediaFoundation: 216162199b28c13a410421893ffa2e32 -> 
  custom:container-demuxer-ogg: 62fdf1f143b41e24485cea50d1cbac27 -> 
  custom:video-decoder-webm-vp8: 9c59270c3fd7afecdb556c50c9e8de78 -> 
  custom:audio-decoder-ogg-vorbis: bf7c407c2cedff20999df2af8eb42d56 -> 
========================================================================
Received Prepare
Refreshing native plugins compatible for Editor in 3.28 ms, found 10 plugins.
Preloading 1 native plugins for Editor in 0.05 ms.
Unloading 28 Unused Serialized files (Serialized files now loaded: 0)
Unloading 28 unused Assets / (0.7 MB). Loaded Objects now: 6505.
Memory consumption went from 127.7 MB to 127.0 MB.
Total: 4.143200 ms (FindLiveObjects: 0.453900 ms CreateObjectMapping: 0.221600 ms MarkObjects: 3.195900 ms  DeleteObjects: 0.270400 ms)

AssetImportParameters requested are different than current active one (requested -> active):
  custom:video-decoder-ogg-theora: a1e56fd34408186e4bbccfd4996cb3dc -> 
  custom:container-muxer-webm: aa71ff27fc2769a1b78a27578f13a17b -> 
  custom:container-demuxer-webm: 4f35f7cbe854078d1ac9338744f61a02 -> 
  custom:video-encoder-webm-vp8: eb34c28f22e8b96e1ab97ce403110664 -> 
  custom:audio-encoder-webm-vorbis: bf7c407c2cedff20999df2af8eb42d56 -> 
  custom:framework-win-MediaFoundation: 216162199b28c13a410421893ffa2e32 -> 
  custom:container-demuxer-ogg: 62fdf1f143b41e24485cea50d1cbac27 -> 
  custom:video-decoder-webm-vp8: 9c59270c3fd7afecdb556c50c9e8de78 -> 
  custom:audio-decoder-ogg-vorbis: bf7c407c2cedff20999df2af8eb42d56 -> 
