Using pre-set license
Built from '2021.2/staging' branch; Version is '2021.2.1f1 (c20c6d589440) revision 12717165'; Using compiler version '192829333'; Build Type 'Release'
OS: 'Windows 10 Pro; OS build 22000.493; Version 2009; 64bit' Language: 'en' Physical Memory: 16061 MB
BatchMode: 1, IsHumanControllingUs: 0, StartBugReporterOnCrash: 0, Is64bit: 1, IsPro: 0

COMMAND LINE ARGUMENTS:
C:\Program Files\Unity\Hub\Editor\2021.2.1f1\Editor\Unity.exe
-adb2
-batchMode
-noUpm
-name
AssetImportWorker0
-projectPath
C:/UnityFiles/Galary36
-logFile
Logs/AssetImportWorker0.log
-srvPort
64469
Successfully changed project path to: C:/UnityFiles/Galary36
C:/UnityFiles/Galary36
[UnityMemory] Configuration Parameters - Can be set up in boot.config
    "memorysetup-bucket-allocator-granularity=16"
    "memorysetup-bucket-allocator-bucket-count=8"
    "memorysetup-bucket-allocator-block-size=33554432"
    "memorysetup-bucket-allocator-block-count=8"
    "memorysetup-main-allocator-block-size=16777216"
    "memorysetup-thread-allocator-block-size=16777216"
    "memorysetup-gfx-main-allocator-block-size=16777216"
    "memorysetup-gfx-thread-allocator-block-size=16777216"
    "memorysetup-cache-allocator-block-size=4194304"
    "memorysetup-typetree-allocator-block-size=2097152"
    "memorysetup-profiler-bucket-allocator-granularity=16"
    "memorysetup-profiler-bucket-allocator-bucket-count=8"
    "memorysetup-profiler-bucket-allocator-block-size=33554432"
    "memorysetup-profiler-bucket-allocator-block-count=8"
    "memorysetup-profiler-allocator-block-size=16777216"
    "memorysetup-profiler-editor-allocator-block-size=1048576"
    "memorysetup-temp-allocator-size-main=16777216"
    "memorysetup-job-temp-allocator-block-size=2097152"
    "memorysetup-job-temp-allocator-block-size-background=1048576"
    "memorysetup-job-temp-allocator-reduction-small-platforms=262144"
    "memorysetup-temp-allocator-size-background-worker=32768"
    "memorysetup-temp-allocator-size-job-worker=262144"
    "memorysetup-temp-allocator-size-preload-manager=33554432"
    "memorysetup-temp-allocator-size-nav-mesh-worker=65536"
    "memorysetup-temp-allocator-size-audio-worker=65536"
    "memorysetup-temp-allocator-size-cloud-worker=32768"
    "memorysetup-temp-allocator-size-gi-baking-worker=262144"
    "memorysetup-temp-allocator-size-gfx=262144"
Refreshing native plugins compatible for Editor in 185.04 ms, found 10 plugins.
Preloading 1 native plugins for Editor in 1.30 ms.
Initialize engine version: 2021.2.1f1 (c20c6d589440)
[Subsystems] Discovering subsystems at path C:/Program Files/Unity/Hub/Editor/2021.2.1f1/Editor/Data/Resources/UnitySubsystems
[Subsystems] Discovering subsystems at path C:/UnityFiles/Galary36/Assets
GfxDevice: creating device client; threaded=0; jobified=0
Direct3D:
    Version:  Direct3D 11.0 [level 11.1]
    Renderer: NVIDIA GeForce RTX 3060 Laptop GPU (ID=0x2520)
    Vendor:   NVIDIA
    VRAM:     6023 MB
    Driver:   30.0.14.9649
Initialize mono
Mono path[0] = 'C:/Program Files/Unity/Hub/Editor/2021.2.1f1/Editor/Data/Managed'
Mono path[1] = 'C:/Program Files/Unity/Hub/Editor/2021.2.1f1/Editor/Data/MonoBleedingEdge/lib/mono/unityjit-win32'
Mono config path = 'C:/Program Files/Unity/Hub/Editor/2021.2.1f1/Editor/Data/MonoBleedingEdge/etc'
Using monoOptions --debugger-agent=transport=dt_socket,embedding=1,server=y,suspend=n,address=127.0.0.1:56184
Begin MonoManager ReloadAssembly
Registering precompiled unity dll's ...
Register platform support module: C:/Program Files/Unity/Hub/Editor/2021.2.1f1/Editor/Data/PlaybackEngines/WindowsStandaloneSupport/UnityEditor.WindowsStandalone.Extensions.dll
Registered in 0.003054 seconds.
Native extension for WindowsStandalone target not found
Refreshing native plugins compatible for Editor in 127.82 ms, found 10 plugins.
Preloading 1 native plugins for Editor in 0.09 ms.
Mono: successfully reloaded assembly
- Completed reload, in  1.247 seconds
Domain Reload Profiling:
	ReloadAssembly (1247ms)
		BeginReloadAssembly (84ms)
			ExecutionOrderSort (0ms)
			DisableScriptedObjects (0ms)
			BackupInstance (0ms)
			ReleaseScriptingObjects (0ms)
			CreateAndSetChildDomain (1ms)
		EndReloadAssembly (489ms)
			LoadAssemblies (81ms)
			RebuildTransferFunctionScriptingTraits (0ms)
			SetupTypeCache (93ms)
			ReleaseScriptCaches (0ms)
			RebuildScriptCaches (23ms)
			SetupLoadedEditorAssemblies (320ms)
				LogAssemblyErrors (0ms)
				InitializePlatformSupportModulesInManaged (8ms)
				SetLoadedEditorAssemblies (0ms)
				RefreshPlugins (128ms)
				BeforeProcessingInitializeOnLoad (1ms)
				ProcessInitializeOnLoadAttributes (128ms)
				ProcessInitializeOnLoadMethodAttributes (54ms)
				AfterProcessingInitializeOnLoad (0ms)
				EditorAssembliesLoaded (0ms)
			ExecutionOrderSort2 (0ms)
			AwakeInstancesAfterBackupRestoration (0ms)
Platform modules already initialized, skipping
Registering precompiled user dll's ...
Registered in 0.007235 seconds.
Begin MonoManager ReloadAssembly
Symbol file LoadedFromMemory doesn't match image C:\UnityFiles\Galary36\Library\PackageCache\com.unity.visualscripting@1.7.2\Editor\VisualScripting.Core\Dependencies\DotNetZip\Unity.VisualScripting.IonicZip.dll
Symbol file LoadedFromMemory doesn't match image C:\UnityFiles\Galary36\Library\PackageCache\com.unity.visualscripting@1.7.2\Editor\VisualScripting.Core\Dependencies\YamlDotNet\Unity.VisualScripting.YamlDotNet.dll
Native extension for WindowsStandalone target not found
Refreshing native plugins compatible for Editor in 145.87 ms, found 10 plugins.
Preloading 1 native plugins for Editor in 0.12 ms.
CreateSerializedAsset is not supported while importing out-of-process
UnityEngine.StackTraceUtility:ExtractStackTrace ()
UnityEditor.XR.Management.EditorUtilities:CreateScriptableObjectInstance (string,string) (at Library/PackageCache/com.unity.xr.management@4.0.7/Editor/EditorUtilities.cs:102)
UnityEditor.XR.Management.XRPackageInitializationBootstrap:InitializeLoaderFromMetadata (string,System.Collections.Generic.List`1<UnityEditor.XR.Management.Metadata.IXRLoaderMetadata>) (at Library/PackageCache/com.unity.xr.management@4.0.7/Editor/XRPackageInitialization.cs:152)
UnityEditor.XR.Management.XRPackageInitializationBootstrap:InitializePackageFromMetadata (UnityEditor.XR.Management.Metadata.IXRPackage,UnityEditor.XR.Management.Metadata.IXRPackageMetadata) (at Library/PackageCache/com.unity.xr.management@4.0.7/Editor/XRPackageInitialization.cs:129)
UnityEditor.XR.Management.XRPackageInitializationBootstrap:InitPackage (UnityEditor.XR.Management.Metadata.IXRPackage) (at Library/PackageCache/com.unity.xr.management@4.0.7/Editor/XRPackageInitialization.cs:118)
UnityEditor.XR.Management.XRPackageInitializationBootstrap:BeginPackageInitialization () (at Library/PackageCache/com.unity.xr.management@4.0.7/Editor/XRPackageInitialization.cs:87)
UnityEditor.XR.Management.XRPackageInitializationBootstrap:.cctor () (at Library/PackageCache/com.unity.xr.management@4.0.7/Editor/XRPackageInitialization.cs:50)
System.Runtime.CompilerServices.RuntimeHelpers:RunClassConstructor (System.RuntimeTypeHandle)
UnityEditor.EditorAssemblies:ProcessInitializeOnLoadAttributes (System.Type[])

[Library/PackageCache/com.unity.xr.management@4.0.7/Editor/EditorUtilities.cs line 102]

UnityEngine.UnityException: Creating asset at path Assets\XR\Loaders\Magic Leap Loader.asset failed.
  at (wrapper managed-to-native) UnityEditor.AssetDatabase.CreateAsset(UnityEngine.Object,string)
  at UnityEditor.XR.Management.EditorUtilities.CreateScriptableObjectInstance (System.String typeName, System.String path) [0x00031] in C:\UnityFiles\Galary36\Library\PackageCache\com.unity.xr.management@4.0.7\Editor\EditorUtilities.cs:102 
  at UnityEditor.XR.Management.XRPackageInitializationBootstrap.InitializeLoaderFromMetadata (System.String packageName, System.Collections.Generic.List`1[T] loaderMetadatas) [0x0004e] in C:\UnityFiles\Galary36\Library\PackageCache\com.unity.xr.management@4.0.7\Editor\XRPackageInitialization.cs:152 
  at UnityEditor.XR.Management.XRPackageInitializationBootstrap.InitializePackageFromMetadata (UnityEditor.XR.Management.Metadata.IXRPackage package, UnityEditor.XR.Management.Metadata.IXRPackageMetadata packageMetadata) [0x00001] in C:\UnityFiles\Galary36\Library\PackageCache\com.unity.xr.management@4.0.7\Editor\XRPackageInitialization.cs:129 
  at UnityEditor.XR.Management.XRPackageInitializationBootstrap.InitPackage (UnityEditor.XR.Management.Metadata.IXRPackage package) [0x00030] in C:\UnityFiles\Galary36\Library\PackageCache\com.unity.xr.management@4.0.7\Editor\XRPackageInitialization.cs:118 
  at UnityEditor.XR.Management.XRPackageInitializationBootstrap.BeginPackageInitialization () [0x0008f] in C:\UnityFiles\Galary36\Library\PackageCache\com.unity.xr.management@4.0.7\Editor\XRPackageInitialization.cs:87 
  at UnityEditor.XR.Management.XRPackageInitializationBootstrap..cctor () [0x00030] in C:\UnityFiles\Galary36\Library\PackageCache\com.unity.xr.management@4.0.7\Editor\XRPackageInitialization.cs:50 
UnityEngine.StackTraceUtility:ExtractStackTrace ()
UnityEngine.DebugLogHandler:LogFormat (UnityEngine.LogType,UnityEngine.Object,string,object[])
UnityEngine.Logger:Log (UnityEngine.LogType,object)
UnityEngine.Debug:LogError (object)
UnityEditor.EditorAssemblies:ProcessInitializeOnLoadAttributes (System.Type[])

Package Manager log level set to [2]
Mono: successfully reloaded assembly
- Completed reload, in  2.047 seconds
Domain Reload Profiling:
	ReloadAssembly (2047ms)
		BeginReloadAssembly (189ms)
			ExecutionOrderSort (0ms)
			DisableScriptedObjects (8ms)
			BackupInstance (0ms)
			ReleaseScriptingObjects (0ms)
			CreateAndSetChildDomain (26ms)
		EndReloadAssembly (1754ms)
			LoadAssemblies (81ms)
			RebuildTransferFunctionScriptingTraits (0ms)
			SetupTypeCache (333ms)
			ReleaseScriptCaches (1ms)
			RebuildScriptCaches (82ms)
			SetupLoadedEditorAssemblies (1160ms)
				LogAssemblyErrors (0ms)
				InitializePlatformSupportModulesInManaged (8ms)
				SetLoadedEditorAssemblies (0ms)
				RefreshPlugins (146ms)
				BeforeProcessingInitializeOnLoad (132ms)
				ProcessInitializeOnLoadAttributes (793ms)
				ProcessInitializeOnLoadMethodAttributes (76ms)
				AfterProcessingInitializeOnLoad (4ms)
				EditorAssembliesLoaded (0ms)
			ExecutionOrderSort2 (0ms)
			AwakeInstancesAfterBackupRestoration (5ms)
Platform modules already initialized, skipping
========================================================================
Worker process is ready to serve import requests
Launched and connected shader compiler UnityShaderCompiler.exe after 0.05 seconds
Refreshing native plugins compatible for Editor in 1.45 ms, found 10 plugins.
Preloading 1 native plugins for Editor in 0.13 ms.
Unloading 5599 Unused Serialized files (Serialized files now loaded: 0)
Unloading 36 unused Assets / (0.7 MB). Loaded Objects now: 6055.
Memory consumption went from 215.8 MB to 215.1 MB.
Total: 6.144000 ms (FindLiveObjects: 1.100000 ms CreateObjectMapping: 0.328500 ms MarkObjects: 4.307200 ms  DeleteObjects: 0.407000 ms)

AssetImportParameters requested are different than current active one (requested -> active):
  custom:video-decoder-ogg-theora: a1e56fd34408186e4bbccfd4996cb3dc -> 
  custom:container-muxer-webm: aa71ff27fc2769a1b78a27578f13a17b -> 
  custom:container-demuxer-webm: 4f35f7cbe854078d1ac9338744f61a02 -> 
  custom:video-encoder-webm-vp8: eb34c28f22e8b96e1ab97ce403110664 -> 
  custom:audio-encoder-webm-vorbis: bf7c407c2cedff20999df2af8eb42d56 -> 
  custom:framework-win-MediaFoundation: 216162199b28c13a410421893ffa2e32 -> 
  custom:container-demuxer-ogg: 62fdf1f143b41e24485cea50d1cbac27 -> 
  custom:video-decoder-webm-vp8: 9c59270c3fd7afecdb556c50c9e8de78 -> 
  custom:audio-decoder-ogg-vorbis: bf7c407c2cedff20999df2af8eb42d56 -> 
========================================================================
Received Import Request.
  Time since last request: 29892.191503 seconds.
  path: Assets/Galary36/ARScence/Wall/Material/Wall05/Fabric045_PREVIEW.jpg
  artifactKey: Guid(ebcbb153fa29c364aa107bda81f013d6) Importer(815301076,1909f56bfc062723c751e8b465ee728b)
Start importing Assets/Galary36/ARScence/Wall/Material/Wall05/Fabric045_PREVIEW.jpg using Guid(ebcbb153fa29c364aa107bda81f013d6) Importer(815301076,1909f56bfc062723c751e8b465ee728b)  -> (artifact id: '22a6bc4887819f482b4ad7b14896ce1a') in 0.183205 seconds 
========================================================================
Received Import Request.
  Time since last request: 0.000041 seconds.
  path: Assets/Galary36/ARScence/Wall/Material/Wall02/Fabric062_1K_Displacement.jpg
  artifactKey: Guid(2ee4d2afe8d7b2845932a77a6fc06c82) Importer(815301076,1909f56bfc062723c751e8b465ee728b)
Start importing Assets/Galary36/ARScence/Wall/Material/Wall02/Fabric062_1K_Displacement.jpg using Guid(2ee4d2afe8d7b2845932a77a6fc06c82) Importer(815301076,1909f56bfc062723c751e8b465ee728b)  -> (artifact id: '4cdff8044a87247106782f7981636bf0') in 0.054351 seconds 
========================================================================
Received Import Request.
  Time since last request: 0.000035 seconds.
  path: Assets/ExampleAssets/Tutorial/Images/project-header-ar.png
  artifactKey: Guid(36ba5f0e57d094b0c9364f801bc2bac0) Importer(815301076,1909f56bfc062723c751e8b465ee728b)
Start importing Assets/ExampleAssets/Tutorial/Images/project-header-ar.png using Guid(36ba5f0e57d094b0c9364f801bc2bac0) Importer(815301076,1909f56bfc062723c751e8b465ee728b)  -> (artifact id: '4d715115af29e4c701ac060acd1aacb3') in 0.030849 seconds 
========================================================================
Received Import Request.
  Time since last request: 0.000032 seconds.
  path: Assets/Galary36/ARScence/Wall/Material/Wall04/Plaster001_1K_Roughness.jpg
  artifactKey: Guid(f25f65ee849ad7f4293f2ea64fb67a4f) Importer(815301076,1909f56bfc062723c751e8b465ee728b)
Start importing Assets/Galary36/ARScence/Wall/Material/Wall04/Plaster001_1K_Roughness.jpg using Guid(f25f65ee849ad7f4293f2ea64fb67a4f) Importer(815301076,1909f56bfc062723c751e8b465ee728b)  -> (artifact id: 'b0188f1710499e2222f3b4a0ea62db86') in 0.092413 seconds 
========================================================================
Received Import Request.
  Time since last request: 0.000028 seconds.
  path: Assets/Galary36/ARScence/Wall/Material/Wall07/Plaster002_1K_NormalGL.jpg
  artifactKey: Guid(6f517bb79b71e0143a08ae34f0724352) Importer(815301076,1909f56bfc062723c751e8b465ee728b)
Start importing Assets/Galary36/ARScence/Wall/Material/Wall07/Plaster002_1K_NormalGL.jpg using Guid(6f517bb79b71e0143a08ae34f0724352) Importer(815301076,1909f56bfc062723c751e8b465ee728b)  -> (artifact id: '82cc9c4a5dc0dad95afbf151ac7724db') in 0.051116 seconds 
========================================================================
Received Import Request.
  Time since last request: 0.000038 seconds.
  path: Assets/Galary36/ARScence/Wall/Material/Wall01/PaintedPlaster017_1K_NormalDX.jpg
  artifactKey: Guid(6ae9afe4c4ec82244a99169483cd1c6f) Importer(815301076,1909f56bfc062723c751e8b465ee728b)
Start importing Assets/Galary36/ARScence/Wall/Material/Wall01/PaintedPlaster017_1K_NormalDX.jpg using Guid(6ae9afe4c4ec82244a99169483cd1c6f) Importer(815301076,1909f56bfc062723c751e8b465ee728b)  -> (artifact id: '84f417e7fa9e11a049bf0bddbb0e92d4') in 0.053527 seconds 
========================================================================
Received Import Request.
  Time since last request: 0.000038 seconds.
  path: Assets/Galary36/ARScence/Wall/Material/Wall02/Fabric062_1K_Roughness.jpg
  artifactKey: Guid(71832d60add429c498581bb2ff3d88ba) Importer(815301076,1909f56bfc062723c751e8b465ee728b)
Start importing Assets/Galary36/ARScence/Wall/Material/Wall02/Fabric062_1K_Roughness.jpg using Guid(71832d60add429c498581bb2ff3d88ba) Importer(815301076,1909f56bfc062723c751e8b465ee728b)  -> (artifact id: '214f7edb935d65de7a8159d074dd646f') in 0.061363 seconds 
========================================================================
Received Import Request.
  Time since last request: 0.000025 seconds.
  path: Assets/Galary36/ARScence/Wall/Material/Wall04/Plaster001_PREVIEW.jpg
  artifactKey: Guid(38cd45bc69cfa65439607405f7ef40e9) Importer(815301076,1909f56bfc062723c751e8b465ee728b)
Start importing Assets/Galary36/ARScence/Wall/Material/Wall04/Plaster001_PREVIEW.jpg using Guid(38cd45bc69cfa65439607405f7ef40e9) Importer(815301076,1909f56bfc062723c751e8b465ee728b)  -> (artifact id: 'd6b7cc92522aa83fb7decc07c74faf6c') in 0.052091 seconds 
========================================================================
Received Import Request.
  Time since last request: 0.000027 seconds.
  path: Assets/Galary36/ARScence/Wall/Material/Wall07/Plaster002_1K_Displacement.jpg
  artifactKey: Guid(1d9673f2bf071474096c1a9d470d17ff) Importer(815301076,1909f56bfc062723c751e8b465ee728b)
Start importing Assets/Galary36/ARScence/Wall/Material/Wall07/Plaster002_1K_Displacement.jpg using Guid(1d9673f2bf071474096c1a9d470d17ff) Importer(815301076,1909f56bfc062723c751e8b465ee728b)  -> (artifact id: '4b00969492bf4cecebbe25aa62a86091') in 0.058112 seconds 
========================================================================
Received Import Request.
  Time since last request: 0.000036 seconds.
  path: Assets/Galary36/ARScence/Wall/Material/Wall04/Plaster001_1K_Color.jpg
  artifactKey: Guid(f51b046cbc832fe4c88394979e11506c) Importer(815301076,1909f56bfc062723c751e8b465ee728b)
Start importing Assets/Galary36/ARScence/Wall/Material/Wall04/Plaster001_1K_Color.jpg using Guid(f51b046cbc832fe4c88394979e11506c) Importer(815301076,1909f56bfc062723c751e8b465ee728b)  -> (artifact id: 'b5397ecb268d6206e87a85f6d66db10b') in 0.063247 seconds 
========================================================================
Received Import Request.
  Time since last request: 0.000031 seconds.
  path: Assets/Galary36/ARScence/Wall/Material/Wall01/PaintedPlaster017_1K_Roughness.jpg
  artifactKey: Guid(0da256a2d3f99f8428f4ce6d4ee8501c) Importer(815301076,1909f56bfc062723c751e8b465ee728b)
Start importing Assets/Galary36/ARScence/Wall/Material/Wall01/PaintedPlaster017_1K_Roughness.jpg using Guid(0da256a2d3f99f8428f4ce6d4ee8501c) Importer(815301076,1909f56bfc062723c751e8b465ee728b)  -> (artifact id: 'ff38c8817e75417c17933b137e45df6f') in 0.038358 seconds 
========================================================================
Received Import Request.
  Time since last request: 0.000027 seconds.
  path: Assets/Galary36/ARScence/Wall/Material/Wall01/PaintedPlaster017_PREVIEW.jpg
  artifactKey: Guid(2b3edc3bb45e8ce48aed53de06bf0d80) Importer(815301076,1909f56bfc062723c751e8b465ee728b)
Start importing Assets/Galary36/ARScence/Wall/Material/Wall01/PaintedPlaster017_PREVIEW.jpg using Guid(2b3edc3bb45e8ce48aed53de06bf0d80) Importer(815301076,1909f56bfc062723c751e8b465ee728b)  -> (artifact id: '6bde1752a2639500096c9d94cc409d2e') in 0.062034 seconds 
========================================================================
Received Import Request.
  Time since last request: 0.000029 seconds.
  path: Assets/Galary36/ARScence/Wall/Material/Wall07/Plaster002_PREVIEW.jpg
  artifactKey: Guid(13d1192612e50204d984029a3e1164ab) Importer(815301076,1909f56bfc062723c751e8b465ee728b)
Start importing Assets/Galary36/ARScence/Wall/Material/Wall07/Plaster002_PREVIEW.jpg using Guid(13d1192612e50204d984029a3e1164ab) Importer(815301076,1909f56bfc062723c751e8b465ee728b)  -> (artifact id: 'b2d378de6204cb1e8de3e6519595e39c') in 0.059136 seconds 
========================================================================
Received Import Request.
  Time since last request: 0.000025 seconds.
  path: Assets/Galary36/ARScence/Wall/Material/Wall02/Fabric062_1K_NormalGL.jpg
  artifactKey: Guid(73158af37b4300d449ddc83778cb5227) Importer(815301076,1909f56bfc062723c751e8b465ee728b)
Start importing Assets/Galary36/ARScence/Wall/Material/Wall02/Fabric062_1K_NormalGL.jpg using Guid(73158af37b4300d449ddc83778cb5227) Importer(815301076,1909f56bfc062723c751e8b465ee728b)  -> (artifact id: '4944655495d07b51842dfc0261466648') in 0.054074 seconds 
========================================================================
Received Import Request.
  Time since last request: 222.353055 seconds.
  path: Assets/Galary36/ARScence/Painting/Textures/0A3D9E0B-49B4-4CC2-98BD-C4766CD55AF4-0bfd158e-1021x1024.jpeg
  artifactKey: Guid(76349cd5f0b8c2b4488315e0d3a94f64) Importer(815301076,1909f56bfc062723c751e8b465ee728b)
Start importing Assets/Galary36/ARScence/Painting/Textures/0A3D9E0B-49B4-4CC2-98BD-C4766CD55AF4-0bfd158e-1021x1024.jpeg using Guid(76349cd5f0b8c2b4488315e0d3a94f64) Importer(815301076,1909f56bfc062723c751e8b465ee728b)  -> (artifact id: '850bb9715d6107a626c766a829707926') in 0.035243 seconds 
========================================================================
Received Import Request.
  Time since last request: 0.000109 seconds.
  path: Assets/Galary36/ARScence/Wall/Material/Wall03/Bricks060_1K_Displacement.jpg
  artifactKey: Guid(a5604d0f06952d24fa760e8bf2e67cc4) Importer(815301076,1909f56bfc062723c751e8b465ee728b)
Start importing Assets/Galary36/ARScence/Wall/Material/Wall03/Bricks060_1K_Displacement.jpg using Guid(a5604d0f06952d24fa760e8bf2e67cc4) Importer(815301076,1909f56bfc062723c751e8b465ee728b)  -> (artifact id: '253f08dad858fb5ce9cbf6e837dfc223') in 0.041336 seconds 
========================================================================
Received Import Request.
  Time since last request: 0.000038 seconds.
  path: Assets/Galary36/ARScence/Painting/Textures/AD03F739-EE7B-41A3-9766-496552F5DAAE-a8ee3286-1024x678.jpeg
  artifactKey: Guid(b28c250ed46a596489088c4a5745e867) Importer(815301076,1909f56bfc062723c751e8b465ee728b)
Start importing Assets/Galary36/ARScence/Painting/Textures/AD03F739-EE7B-41A3-9766-496552F5DAAE-a8ee3286-1024x678.jpeg using Guid(b28c250ed46a596489088c4a5745e867) Importer(815301076,1909f56bfc062723c751e8b465ee728b)  -> (artifact id: 'c64b1a6796d8e353322a96b23efa6f07') in 0.029950 seconds 
========================================================================
Received Import Request.
  Time since last request: 0.000036 seconds.
  path: Assets/Galary36/ARScence/Wall/Material/Wall03/Bricks060_PREVIEW.jpg
  artifactKey: Guid(7a57f4520afbe7c4ca985b8fd3243cd4) Importer(815301076,1909f56bfc062723c751e8b465ee728b)
Start importing Assets/Galary36/ARScence/Wall/Material/Wall03/Bricks060_PREVIEW.jpg using Guid(7a57f4520afbe7c4ca985b8fd3243cd4) Importer(815301076,1909f56bfc062723c751e8b465ee728b)  -> (artifact id: 'ef3d0af7e63c4a1dfa9f7acc5fda5487') in 0.045915 seconds 
========================================================================
Received Import Request.
  Time since last request: 0.000034 seconds.
  path: Assets/Galary36/ARScence/Wall/Material/Wall05/Fabric045_1K_Displacement.jpg
  artifactKey: Guid(ef5e5c0e952069b4eacbacfa12904dbf) Importer(815301076,1909f56bfc062723c751e8b465ee728b)
Start importing Assets/Galary36/ARScence/Wall/Material/Wall05/Fabric045_1K_Displacement.jpg using Guid(ef5e5c0e952069b4eacbacfa12904dbf) Importer(815301076,1909f56bfc062723c751e8b465ee728b)  -> (artifact id: 'c46c31d1ed45c46cd662a84092624767') in 0.037050 seconds 
========================================================================
Received Import Request.
  Time since last request: 0.000048 seconds.
  path: Assets/Galary36/ARScence/Wall/Material/Wall03/Bricks060_1K_Color.jpg
  artifactKey: Guid(f96b6f40ae8c694448c40da686093570) Importer(815301076,1909f56bfc062723c751e8b465ee728b)
Start importing Assets/Galary36/ARScence/Wall/Material/Wall03/Bricks060_1K_Color.jpg using Guid(f96b6f40ae8c694448c40da686093570) Importer(815301076,1909f56bfc062723c751e8b465ee728b)  -> (artifact id: 'cabf5ac57911e54faae69284ded095ad') in 0.041192 seconds 
========================================================================
Received Import Request.
  Time since last request: 0.000035 seconds.
  path: Assets/Galary36/ARScence/Wall/Material/Wall03/Bricks060_1K_NormalDX.jpg
  artifactKey: Guid(209e1260bb83df344a85362fb10b7014) Importer(815301076,1909f56bfc062723c751e8b465ee728b)
Start importing Assets/Galary36/ARScence/Wall/Material/Wall03/Bricks060_1K_NormalDX.jpg using Guid(209e1260bb83df344a85362fb10b7014) Importer(815301076,1909f56bfc062723c751e8b465ee728b)  -> (artifact id: '441ea4ce7d81e2df3f914266bbbc2572') in 0.044051 seconds 
========================================================================
Received Import Request.
  Time since last request: 0.000026 seconds.
  path: Assets/Galary36/ARScence/Painting/Textures/9CC3D9E4-1EF6-4993-A648-452FA1A212FC-264f92b2-1024x729.jpeg
  artifactKey: Guid(bdd9c342e8d7d7a489abbf5981a1a98b) Importer(815301076,1909f56bfc062723c751e8b465ee728b)
Start importing Assets/Galary36/ARScence/Painting/Textures/9CC3D9E4-1EF6-4993-A648-452FA1A212FC-264f92b2-1024x729.jpeg using Guid(bdd9c342e8d7d7a489abbf5981a1a98b) Importer(815301076,1909f56bfc062723c751e8b465ee728b)  -> (artifact id: '5eb79284f657c6cfe6c37b8ccfeb7266') in 0.028323 seconds 
========================================================================
Received Import Request.
  Time since last request: 0.000056 seconds.
  path: Assets/Galary36/ARScence/Wall/Material/Wall03/Bricks060_1K_NormalGL.jpg
  artifactKey: Guid(c8b37ace1003c974298e71f5a9dddb97) Importer(815301076,1909f56bfc062723c751e8b465ee728b)
Start importing Assets/Galary36/ARScence/Wall/Material/Wall03/Bricks060_1K_NormalGL.jpg using Guid(c8b37ace1003c974298e71f5a9dddb97) Importer(815301076,1909f56bfc062723c751e8b465ee728b)  -> (artifact id: 'efaf2d376e379155ce7e1745c97f6023') in 0.055882 seconds 
========================================================================
Received Import Request.
  Time since last request: 0.000033 seconds.
  path: Assets/Galary36/ARScence/Wall/Material/Wall05/Fabric045_1K_Color.jpg
  artifactKey: Guid(d9379f08a5483e84384c2c601ae4bdec) Importer(815301076,1909f56bfc062723c751e8b465ee728b)
Start importing Assets/Galary36/ARScence/Wall/Material/Wall05/Fabric045_1K_Color.jpg using Guid(d9379f08a5483e84384c2c601ae4bdec) Importer(815301076,1909f56bfc062723c751e8b465ee728b)  -> (artifact id: '4cdb1e84e1f0ed0722afa642ff5bf8be') in 0.037225 seconds 
========================================================================
Received Import Request.
  Time since last request: 1.691586 seconds.
  path: Assets/Galary36/ARScence/Wall/Material/Wall06/Terrazzo018_1K_Color.jpg
  artifactKey: Guid(57d5a7d53cf984b4489bfa4df0e6a78a) Importer(815301076,1909f56bfc062723c751e8b465ee728b)
Start importing Assets/Galary36/ARScence/Wall/Material/Wall06/Terrazzo018_1K_Color.jpg using Guid(57d5a7d53cf984b4489bfa4df0e6a78a) Importer(815301076,1909f56bfc062723c751e8b465ee728b)  -> (artifact id: '2116f96f340bc8804bce24a082948b23') in 0.056396 seconds 
========================================================================
Received Import Request.
  Time since last request: 0.000034 seconds.
  path: Assets/Galary36/ARScence/Wall/Material/Wall06/Terrazzo018_1K_Roughness.jpg
  artifactKey: Guid(ae2a464bf166064469c65330784c119f) Importer(815301076,1909f56bfc062723c751e8b465ee728b)
Start importing Assets/Galary36/ARScence/Wall/Material/Wall06/Terrazzo018_1K_Roughness.jpg using Guid(ae2a464bf166064469c65330784c119f) Importer(815301076,1909f56bfc062723c751e8b465ee728b)  -> (artifact id: '687495f2a652f7fe6a6bf602f58abefe') in 0.045639 seconds 
========================================================================
Received Import Request.
  Time since last request: 0.000027 seconds.
  path: Assets/Galary36/ARScence/Wall/Material/Wall06/Terrazzo018_1K_NormalGL.jpg
  artifactKey: Guid(0d9eab449f5e758478fc9705a80408a6) Importer(815301076,1909f56bfc062723c751e8b465ee728b)
Start importing Assets/Galary36/ARScence/Wall/Material/Wall06/Terrazzo018_1K_NormalGL.jpg using Guid(0d9eab449f5e758478fc9705a80408a6) Importer(815301076,1909f56bfc062723c751e8b465ee728b)  -> (artifact id: 'b41be7e4cf5d660afbf72dd1c3cb7ece') in 0.041092 seconds 
========================================================================
Received Prepare
Registering precompiled user dll's ...
Registered in 0.007856 seconds.
Begin MonoManager ReloadAssembly
Symbol file LoadedFromMemory doesn't match image C:\UnityFiles\Galary36\Library\PackageCache\com.unity.visualscripting@1.7.2\Editor\VisualScripting.Core\Dependencies\DotNetZip\Unity.VisualScripting.IonicZip.dll
Symbol file LoadedFromMemory doesn't match image C:\UnityFiles\Galary36\Library\PackageCache\com.unity.visualscripting@1.7.2\Editor\VisualScripting.Core\Dependencies\YamlDotNet\Unity.VisualScripting.YamlDotNet.dll
Native extension for WindowsStandalone target not found
Refreshing native plugins compatible for Editor in 1.77 ms, found 10 plugins.
Preloading 1 native plugins for Editor in 0.10 ms.
Instance of UnityEngine.XR.MagicLeap.MagicLeapLoader couldn't be created because there is no script with that name.
UnityEngine.StackTraceUtility:ExtractStackTrace ()
UnityEngine.ScriptableObject:CreateInstance (string)
UnityEditor.XR.Management.EditorUtilities:CreateScriptableObjectInstance (string,string) (at Library/PackageCache/com.unity.xr.management@4.0.7/Editor/EditorUtilities.cs:95)
UnityEditor.XR.Management.XRPackageInitializationBootstrap:InitializeLoaderFromMetadata (string,System.Collections.Generic.List`1<UnityEditor.XR.Management.Metadata.IXRLoaderMetadata>) (at Library/PackageCache/com.unity.xr.management@4.0.7/Editor/XRPackageInitialization.cs:152)
UnityEditor.XR.Management.XRPackageInitializationBootstrap:InitializePackageFromMetadata (UnityEditor.XR.Management.Metadata.IXRPackage,UnityEditor.XR.Management.Metadata.IXRPackageMetadata) (at Library/PackageCache/com.unity.xr.management@4.0.7/Editor/XRPackageInitialization.cs:129)
UnityEditor.XR.Management.XRPackageInitializationBootstrap:InitPackage (UnityEditor.XR.Management.Metadata.IXRPackage) (at Library/PackageCache/com.unity.xr.management@4.0.7/Editor/XRPackageInitialization.cs:118)
UnityEditor.XR.Management.XRPackageInitializationBootstrap:BeginPackageInitialization () (at Library/PackageCache/com.unity.xr.management@4.0.7/Editor/XRPackageInitialization.cs:87)
UnityEditor.XR.Management.XRPackageInitializationBootstrap:.cctor () (at Library/PackageCache/com.unity.xr.management@4.0.7/Editor/XRPackageInitialization.cs:50)
System.Runtime.CompilerServices.RuntimeHelpers:RunClassConstructor (System.RuntimeTypeHandle)
UnityEditor.EditorAssemblies:ProcessInitializeOnLoadAttributes (System.Type[])

[Library/PackageCache/com.unity.xr.management@4.0.7/Editor/EditorUtilities.cs line 95]

We were unable to create an instance of the requested type UnityEngine.XR.MagicLeap.MagicLeapLoader. Please make sure that all packages are updated to support this version of XR Plug-In Management. See the Unity documentation for XR Plug-In Management for information on resolving this issue.
UnityEngine.StackTraceUtility:ExtractStackTrace ()
UnityEngine.DebugLogHandler:LogFormat (UnityEngine.LogType,UnityEngine.Object,string,object[])
UnityEngine.Logger:Log (UnityEngine.LogType,object)
UnityEngine.Debug:LogError (object)
UnityEditor.XR.Management.EditorUtilities:CreateScriptableObjectInstance (string,string) (at Library/PackageCache/com.unity.xr.management@4.0.7/Editor/EditorUtilities.cs:108)
UnityEditor.XR.Management.XRPackageInitializationBootstrap:InitializeLoaderFromMetadata (string,System.Collections.Generic.List`1<UnityEditor.XR.Management.Metadata.IXRLoaderMetadata>) (at Library/PackageCache/com.unity.xr.management@4.0.7/Editor/XRPackageInitialization.cs:152)
UnityEditor.XR.Management.XRPackageInitializationBootstrap:InitializePackageFromMetadata (UnityEditor.XR.Management.Metadata.IXRPackage,UnityEditor.XR.Management.Metadata.IXRPackageMetadata) (at Library/PackageCache/com.unity.xr.management@4.0.7/Editor/XRPackageInitialization.cs:129)
UnityEditor.XR.Management.XRPackageInitializationBootstrap:InitPackage (UnityEditor.XR.Management.Metadata.IXRPackage) (at Library/PackageCache/com.unity.xr.management@4.0.7/Editor/XRPackageInitialization.cs:118)
UnityEditor.XR.Management.XRPackageInitializationBootstrap:BeginPackageInitialization () (at Library/PackageCache/com.unity.xr.management@4.0.7/Editor/XRPackageInitialization.cs:87)
UnityEditor.XR.Management.XRPackageInitializationBootstrap:.cctor () (at Library/PackageCache/com.unity.xr.management@4.0.7/Editor/XRPackageInitialization.cs:50)
System.Runtime.CompilerServices.RuntimeHelpers:RunClassConstructor (System.RuntimeTypeHandle)
UnityEditor.EditorAssemblies:ProcessInitializeOnLoadAttributes (System.Type[])

(Filename: Library/PackageCache/com.unity.xr.management@4.0.7/Editor/EditorUtilities.cs Line: 108)

Error creating instance of loader Magic Leap for package Magic Leap Plugin
UnityEngine.StackTraceUtility:ExtractStackTrace ()
UnityEngine.DebugLogHandler:LogFormat (UnityEngine.LogType,UnityEngine.Object,string,object[])
UnityEngine.Logger:Log (UnityEngine.LogType,object)
UnityEngine.Debug:LogError (object)
UnityEditor.XR.Management.XRPackageInitializationBootstrap:InitializeLoaderFromMetadata (string,System.Collections.Generic.List`1<UnityEditor.XR.Management.Metadata.IXRLoaderMetadata>) (at Library/PackageCache/com.unity.xr.management@4.0.7/Editor/XRPackageInitialization.cs:157)
UnityEditor.XR.Management.XRPackageInitializationBootstrap:InitializePackageFromMetadata (UnityEditor.XR.Management.Metadata.IXRPackage,UnityEditor.XR.Management.Metadata.IXRPackageMetadata) (at Library/PackageCache/com.unity.xr.management@4.0.7/Editor/XRPackageInitialization.cs:129)
UnityEditor.XR.Management.XRPackageInitializationBootstrap:InitPackage (UnityEditor.XR.Management.Metadata.IXRPackage) (at Library/PackageCache/com.unity.xr.management@4.0.7/Editor/XRPackageInitialization.cs:118)
UnityEditor.XR.Management.XRPackageInitializationBootstrap:BeginPackageInitialization () (at Library/PackageCache/com.unity.xr.management@4.0.7/Editor/XRPackageInitialization.cs:87)
UnityEditor.XR.Management.XRPackageInitializationBootstrap:.cctor () (at Library/PackageCache/com.unity.xr.management@4.0.7/Editor/XRPackageInitialization.cs:50)
System.Runtime.CompilerServices.RuntimeHelpers:RunClassConstructor (System.RuntimeTypeHandle)
UnityEditor.EditorAssemblies:ProcessInitializeOnLoadAttributes (System.Type[])

(Filename: Library/PackageCache/com.unity.xr.management@4.0.7/Editor/XRPackageInitialization.cs Line: 157)

Instance of UnityEngine.XR.MagicLeap.MagicLeapLoader couldn't be created because there is no script with that name.
UnityEngine.StackTraceUtility:ExtractStackTrace ()
UnityEngine.ScriptableObject:CreateInstance (string)
UnityEditor.XR.Management.EditorUtilities:CreateScriptableObjectInstance (string,string) (at Library/PackageCache/com.unity.xr.management@4.0.7/Editor/EditorUtilities.cs:95)
UnityEditor.XR.Management.XRPackageInitializationBootstrap:InitializeLoaderFromMetadata (string,System.Collections.Generic.List`1<UnityEditor.XR.Management.Metadata.IXRLoaderMetadata>) (at Library/PackageCache/com.unity.xr.management@4.0.7/Editor/XRPackageInitialization.cs:152)
UnityEditor.XR.Management.XRPackageInitializationBootstrap:InitializePackageFromMetadata (UnityEditor.XR.Management.Metadata.IXRPackage,UnityEditor.XR.Management.Metadata.IXRPackageMetadata) (at Library/PackageCache/com.unity.xr.management@4.0.7/Editor/XRPackageInitialization.cs:129)
UnityEditor.XR.Management.XRPackageInitializationBootstrap:InitPackage (UnityEditor.XR.Management.Metadata.IXRPackage) (at Library/PackageCache/com.unity.xr.management@4.0.7/Editor/XRPackageInitialization.cs:118)
UnityEditor.XR.Management.XRPackageInitializationBootstrap:BeginPackageInitialization () (at Library/PackageCache/com.unity.xr.management@4.0.7/Editor/XRPackageInitialization.cs:87)
UnityEditor.XR.Management.XRPackageInitializationBootstrap:.cctor () (at Library/PackageCache/com.unity.xr.management@4.0.7/Editor/XRPackageInitialization.cs:50)
System.Runtime.CompilerServices.RuntimeHelpers:RunClassConstructor (System.RuntimeTypeHandle)
UnityEditor.EditorAssemblies:ProcessInitializeOnLoadAttributes (System.Type[])

[Library/PackageCache/com.unity.xr.management@4.0.7/Editor/EditorUtilities.cs line 95]

We were unable to create an instance of the requested type UnityEngine.XR.MagicLeap.MagicLeapLoader. Please make sure that all packages are updated to support this version of XR Plug-In Management. See the Unity documentation for XR Plug-In Management for information on resolving this issue.
UnityEngine.StackTraceUtility:ExtractStackTrace ()
UnityEngine.DebugLogHandler:LogFormat (UnityEngine.LogType,UnityEngine.Object,string,object[])
UnityEngine.Logger:Log (UnityEngine.LogType,object)
UnityEngine.Debug:LogError (object)
UnityEditor.XR.Management.EditorUtilities:CreateScriptableObjectInstance (string,string) (at Library/PackageCache/com.unity.xr.management@4.0.7/Editor/EditorUtilities.cs:108)
UnityEditor.XR.Management.XRPackageInitializationBootstrap:InitializeLoaderFromMetadata (string,System.Collections.Generic.List`1<UnityEditor.XR.Management.Metadata.IXRLoaderMetadata>) (at Library/PackageCache/com.unity.xr.management@4.0.7/Editor/XRPackageInitialization.cs:152)
UnityEditor.XR.Management.XRPackageInitializationBootstrap:InitializePackageFromMetadata (UnityEditor.XR.Management.Metadata.IXRPackage,UnityEditor.XR.Management.Metadata.IXRPackageMetadata) (at Library/PackageCache/com.unity.xr.management@4.0.7/Editor/XRPackageInitialization.cs:129)
UnityEditor.XR.Management.XRPackageInitializationBootstrap:InitPackage (UnityEditor.XR.Management.Metadata.IXRPackage) (at Library/PackageCache/com.unity.xr.management@4.0.7/Editor/XRPackageInitialization.cs:118)
UnityEditor.XR.Management.XRPackageInitializationBootstrap:BeginPackageInitialization () (at Library/PackageCache/com.unity.xr.management@4.0.7/Editor/XRPackageInitialization.cs:87)
UnityEditor.XR.Management.XRPackageInitializationBootstrap:.cctor () (at Library/PackageCache/com.unity.xr.management@4.0.7/Editor/XRPackageInitialization.cs:50)
System.Runtime.CompilerServices.RuntimeHelpers:RunClassConstructor (System.RuntimeTypeHandle)
UnityEditor.EditorAssemblies:ProcessInitializeOnLoadAttributes (System.Type[])

(Filename: Library/PackageCache/com.unity.xr.management@4.0.7/Editor/EditorUtilities.cs Line: 108)

Error creating instance of loader Magic Leap Zero Iteration for package Magic Leap Plugin
UnityEngine.StackTraceUtility:ExtractStackTrace ()
UnityEngine.DebugLogHandler:LogFormat (UnityEngine.LogType,UnityEngine.Object,string,object[])
UnityEngine.Logger:Log (UnityEngine.LogType,object)
UnityEngine.Debug:LogError (object)
UnityEditor.XR.Management.XRPackageInitializationBootstrap:InitializeLoaderFromMetadata (string,System.Collections.Generic.List`1<UnityEditor.XR.Management.Metadata.IXRLoaderMetadata>) (at Library/PackageCache/com.unity.xr.management@4.0.7/Editor/XRPackageInitialization.cs:157)
UnityEditor.XR.Management.XRPackageInitializationBootstrap:InitializePackageFromMetadata (UnityEditor.XR.Management.Metadata.IXRPackage,UnityEditor.XR.Management.Metadata.IXRPackageMetadata) (at Library/PackageCache/com.unity.xr.management@4.0.7/Editor/XRPackageInitialization.cs:129)
UnityEditor.XR.Management.XRPackageInitializationBootstrap:InitPackage (UnityEditor.XR.Management.Metadata.IXRPackage) (at Library/PackageCache/com.unity.xr.management@4.0.7/Editor/XRPackageInitialization.cs:118)
UnityEditor.XR.Management.XRPackageInitializationBootstrap:BeginPackageInitialization () (at Library/PackageCache/com.unity.xr.management@4.0.7/Editor/XRPackageInitialization.cs:87)
UnityEditor.XR.Management.XRPackageInitializationBootstrap:.cctor () (at Library/PackageCache/com.unity.xr.management@4.0.7/Editor/XRPackageInitialization.cs:50)
System.Runtime.CompilerServices.RuntimeHelpers:RunClassConstructor (System.RuntimeTypeHandle)
UnityEditor.EditorAssemblies:ProcessInitializeOnLoadAttributes (System.Type[])

(Filename: Library/PackageCache/com.unity.xr.management@4.0.7/Editor/XRPackageInitialization.cs Line: 157)

Mono: successfully reloaded assembly
- Completed reload, in  1.609 seconds
Domain Reload Profiling:
	ReloadAssembly (1609ms)
		BeginReloadAssembly (103ms)
			ExecutionOrderSort (0ms)
			DisableScriptedObjects (3ms)
			BackupInstance (0ms)
			ReleaseScriptingObjects (0ms)
			CreateAndSetChildDomain (41ms)
		EndReloadAssembly (1436ms)
			LoadAssemblies (54ms)
			RebuildTransferFunctionScriptingTraits (0ms)
			SetupTypeCache (207ms)
			ReleaseScriptCaches (2ms)
			RebuildScriptCaches (36ms)
			SetupLoadedEditorAssemblies (426ms)
				LogAssemblyErrors (0ms)
				InitializePlatformSupportModulesInManaged (13ms)
				SetLoadedEditorAssemblies (1ms)
				RefreshPlugins (2ms)
				BeforeProcessingInitializeOnLoad (83ms)
				ProcessInitializeOnLoadAttributes (272ms)
				ProcessInitializeOnLoadMethodAttributes (52ms)
				AfterProcessingInitializeOnLoad (3ms)
				EditorAssembliesLoaded (0ms)
			ExecutionOrderSort2 (0ms)
			AwakeInstancesAfterBackupRestoration (14ms)
Platform modules already initialized, skipping
Switching build target platform(19) subTarget(0) extendedPlatform(0) -> platform(9) subTarget(2) extendedPlatform(0)
Refreshing native plugins compatible for Editor in 0.99 ms, found 10 plugins.
Preloading 1 native plugins for Editor in 0.06 ms.
Unloading 5474 Unused Serialized files (Serialized files now loaded: 0)
Unloading 31 unused Assets / (0.7 MB). Loaded Objects now: 6467.
Memory consumption went from 232.9 MB to 232.3 MB.
Total: 3.740300 ms (FindLiveObjects: 0.556600 ms CreateObjectMapping: 0.246800 ms MarkObjects: 2.696000 ms  DeleteObjects: 0.239700 ms)

AssetImportParameters requested are different than current active one (requested -> active):
  custom:video-decoder-ogg-theora: a1e56fd34408186e4bbccfd4996cb3dc -> 
  custom:container-muxer-webm: aa71ff27fc2769a1b78a27578f13a17b -> 
  custom:container-demuxer-webm: 4f35f7cbe854078d1ac9338744f61a02 -> 
  custom:video-encoder-webm-vp8: eb34c28f22e8b96e1ab97ce403110664 -> 
  custom:audio-encoder-webm-vorbis: bf7c407c2cedff20999df2af8eb42d56 -> 
  custom:framework-win-MediaFoundation: 216162199b28c13a410421893ffa2e32 -> 
  custom:container-demuxer-ogg: 62fdf1f143b41e24485cea50d1cbac27 -> 
  custom:video-decoder-webm-vp8: 9c59270c3fd7afecdb556c50c9e8de78 -> 
  custom:audio-decoder-ogg-vorbis: bf7c407c2cedff20999df2af8eb42d56 -> 
========================================================================
Received Import Request.
  Time since last request: 223.621004 seconds.
  path: Assets/Galary36/Common/SplachScreen/logo копия.png
  artifactKey: Guid(40b428cb0427f4969b9a3c3f531d2da5) Importer(815301076,1909f56bfc062723c751e8b465ee728b)
Start importing Assets/Galary36/Common/SplachScreen/logo копия.png using Guid(40b428cb0427f4969b9a3c3f531d2da5) Importer(815301076,1909f56bfc062723c751e8b465ee728b)  -> (artifact id: '28cbd47032ded8763318e8d9ed00d540') in 0.369674 seconds 
========================================================================
Received Prepare
Refreshing native plugins compatible for Editor in 3.34 ms, found 10 plugins.
Preloading 1 native plugins for Editor in 0.05 ms.
Unloading 28 Unused Serialized files (Serialized files now loaded: 0)
Unloading 28 unused Assets / (0.7 MB). Loaded Objects now: 6473.
Memory consumption went from 127.5 MB to 126.8 MB.
Total: 4.588600 ms (FindLiveObjects: 0.458300 ms CreateObjectMapping: 0.572900 ms MarkObjects: 3.266000 ms  DeleteObjects: 0.290300 ms)

AssetImportParameters requested are different than current active one (requested -> active):
  custom:video-decoder-ogg-theora: a1e56fd34408186e4bbccfd4996cb3dc -> 
  custom:container-muxer-webm: aa71ff27fc2769a1b78a27578f13a17b -> 
  custom:container-demuxer-webm: 4f35f7cbe854078d1ac9338744f61a02 -> 
  custom:video-encoder-webm-vp8: eb34c28f22e8b96e1ab97ce403110664 -> 
  custom:audio-encoder-webm-vorbis: bf7c407c2cedff20999df2af8eb42d56 -> 
  custom:framework-win-MediaFoundation: 216162199b28c13a410421893ffa2e32 -> 
  custom:container-demuxer-ogg: 62fdf1f143b41e24485cea50d1cbac27 -> 
  custom:video-decoder-webm-vp8: 9c59270c3fd7afecdb556c50c9e8de78 -> 
  custom:audio-decoder-ogg-vorbis: bf7c407c2cedff20999df2af8eb42d56 -> 
